{"K:\\Projects\\VirtualPromptWar2\\server\\index.js": {"path":"K:\\Projects\\VirtualPromptWar2\\server\\index.js","statementMap":{"0":{"start":{"line":1,"column":0},"end":{"line":1,"column":27}},"1":{"start":{"line":2,"column":16},"end":{"line":2,"column":34}},"2":{"start":{"line":3,"column":17},"end":{"line":3,"column":36}},"3":{"start":{"line":4,"column":13},"end":{"line":4,"column":28}},"4":{"start":{"line":5,"column":15},"end":{"line":5,"column":32}},"5":{"start":{"line":6,"column":18},"end":{"line":6,"column":47}},"6":{"start":{"line":7,"column":22},"end":{"line":7,"column":55}},"7":{"start":{"line":8,"column":25},"end":{"line":8,"column":56}},"8":{"start":{"line":11,"column":21},"end":{"line":11,"column":66}},"9":{"start":{"line":12,"column":16},"end":{"line":12,"column":61}},"10":{"start":{"line":12,"column":43},"end":{"line":12,"column":60}},"11":{"start":{"line":13,"column":0},"end":{"line":16,"column":1}},"12":{"start":{"line":14,"column":2},"end":{"line":14,"column":99}},"13":{"start":{"line":15,"column":2},"end":{"line":15,"column":18}},"14":{"start":{"line":18,"column":12},"end":{"line":18,"column":21}},"15":{"start":{"line":21,"column":0},"end":{"line":23,"column":1}},"16":{"start":{"line":22,"column":2},"end":{"line":22,"column":28}},"17":{"start":{"line":26,"column":23},"end":{"line":28,"column":29}},"18":{"start":{"line":27,"column":49},"end":{"line":27,"column":78}},"19":{"start":{"line":30,"column":0},"end":{"line":56,"column":4}},"20":{"start":{"line":33,"column":4},"end":{"line":35,"column":5}},"21":{"start":{"line":34,"column":6},"end":{"line":34,"column":34}},"22":{"start":{"line":37,"column":22},"end":{"line":47,"column":6}},"23":{"start":{"line":38,"column":6},"end":{"line":45,"column":7}},"24":{"start":{"line":40,"column":25},"end":{"line":42,"column":37}},"25":{"start":{"line":43,"column":22},"end":{"line":43,"column":42}},"26":{"start":{"line":44,"column":8},"end":{"line":44,"column":34}},"27":{"start":{"line":46,"column":6},"end":{"line":46,"column":32}},"28":{"start":{"line":49,"column":4},"end":{"line":53,"column":5}},"29":{"start":{"line":50,"column":6},"end":{"line":50,"column":27}},"30":{"start":{"line":52,"column":6},"end":{"line":52,"column":145}},"31":{"start":{"line":60,"column":0},"end":{"line":60,"column":18}},"32":{"start":{"line":61,"column":0},"end":{"line":61,"column":25}},"33":{"start":{"line":64,"column":19},"end":{"line":70,"column":2}},"34":{"start":{"line":71,"column":0},"end":{"line":71,"column":28}},"35":{"start":{"line":73,"column":0},"end":{"line":73,"column":41}},"36":{"start":{"line":76,"column":0},"end":{"line":98,"column":3}},"37":{"start":{"line":77,"column":2},"end":{"line":96,"column":3}},"38":{"start":{"line":81,"column":4},"end":{"line":83,"column":5}},"39":{"start":{"line":82,"column":6},"end":{"line":82,"column":20}},"40":{"start":{"line":85,"column":21},"end":{"line":85,"column":25}},"41":{"start":{"line":86,"column":4},"end":{"line":89,"column":5}},"42":{"start":{"line":87,"column":22},"end":{"line":87,"column":54}},"43":{"start":{"line":88,"column":6},"end":{"line":88,"column":42}},"44":{"start":{"line":91,"column":23},"end":{"line":91,"column":51}},"45":{"start":{"line":93,"column":4},"end":{"line":95,"column":5}},"46":{"start":{"line":94,"column":6},"end":{"line":94,"column":91}},"47":{"start":{"line":97,"column":2},"end":{"line":97,"column":9}},"48":{"start":{"line":103,"column":0},"end":{"line":103,"column":47}},"49":{"start":{"line":104,"column":0},"end":{"line":104,"column":47}},"50":{"start":{"line":105,"column":0},"end":{"line":105,"column":47}},"51":{"start":{"line":106,"column":0},"end":{"line":106,"column":53}},"52":{"start":{"line":107,"column":0},"end":{"line":107,"column":57}},"53":{"start":{"line":108,"column":0},"end":{"line":108,"column":43}},"54":{"start":{"line":109,"column":0},"end":{"line":109,"column":57}},"55":{"start":{"line":112,"column":0},"end":{"line":114,"column":3}},"56":{"start":{"line":113,"column":2},"end":{"line":113,"column":66}},"57":{"start":{"line":117,"column":0},"end":{"line":119,"column":3}},"58":{"start":{"line":118,"column":2},"end":{"line":118,"column":53}},"59":{"start":{"line":122,"column":21},"end":{"line":122,"column":57}},"60":{"start":{"line":123,"column":0},"end":{"line":123,"column":22}},"61":{"start":{"line":126,"column":13},"end":{"line":126,"column":37}},"62":{"start":{"line":127,"column":18},"end":{"line":127,"column":87}},"63":{"start":{"line":129,"column":0},"end":{"line":144,"column":1}},"64":{"start":{"line":131,"column":2},"end":{"line":131,"column":36}},"65":{"start":{"line":133,"column":2},"end":{"line":143,"column":7}},"66":{"start":{"line":135,"column":6},"end":{"line":135,"column":44}},"67":{"start":{"line":136,"column":6},"end":{"line":138,"column":9}},"68":{"start":{"line":137,"column":8},"end":{"line":137,"column":71}},"69":{"start":{"line":141,"column":6},"end":{"line":141,"column":64}},"70":{"start":{"line":142,"column":6},"end":{"line":142,"column":22}},"71":{"start":{"line":146,"column":0},"end":{"line":146,"column":21}}},"fnMap":{"0":{"name":"(anonymous_0)","decl":{"start":{"line":12,"column":36},"end":{"line":12,"column":37}},"loc":{"start":{"line":12,"column":43},"end":{"line":12,"column":60}},"line":12},"1":{"name":"(anonymous_1)","decl":{"start":{"line":27,"column":42},"end":{"line":27,"column":43}},"loc":{"start":{"line":27,"column":49},"end":{"line":27,"column":78}},"line":27},"2":{"name":"(anonymous_2)","decl":{"start":{"line":31,"column":10},"end":{"line":31,"column":11}},"loc":{"start":{"line":31,"column":32},"end":{"line":54,"column":3}},"line":31},"3":{"name":"(anonymous_3)","decl":{"start":{"line":37,"column":42},"end":{"line":37,"column":43}},"loc":{"start":{"line":37,"column":53},"end":{"line":47,"column":5}},"line":37},"4":{"name":"(anonymous_4)","decl":{"start":{"line":76,"column":8},"end":{"line":76,"column":9}},"loc":{"start":{"line":76,"column":28},"end":{"line":98,"column":1}},"line":76},"5":{"name":"(anonymous_5)","decl":{"start":{"line":112,"column":23},"end":{"line":112,"column":24}},"loc":{"start":{"line":112,"column":37},"end":{"line":114,"column":1}},"line":112},"6":{"name":"(anonymous_6)","decl":{"start":{"line":117,"column":8},"end":{"line":117,"column":9}},"loc":{"start":{"line":117,"column":22},"end":{"line":119,"column":1}},"line":117},"7":{"name":"(anonymous_7)","decl":{"start":{"line":134,"column":10},"end":{"line":134,"column":11}},"loc":{"start":{"line":134,"column":16},"end":{"line":139,"column":5}},"line":134},"8":{"name":"(anonymous_8)","decl":{"start":{"line":136,"column":23},"end":{"line":136,"column":24}},"loc":{"start":{"line":136,"column":29},"end":{"line":138,"column":7}},"line":136},"9":{"name":"(anonymous_9)","decl":{"start":{"line":140,"column":11},"end":{"line":140,"column":12}},"loc":{"start":{"line":140,"column":18},"end":{"line":143,"column":5}},"line":140}},"branchMap":{"0":{"loc":{"start":{"line":13,"column":0},"end":{"line":16,"column":1}},"type":"if","locations":[{"start":{"line":13,"column":0},"end":{"line":16,"column":1}},{"start":{},"end":{}}],"line":13},"1":{"loc":{"start":{"line":13,"column":4},"end":{"line":13,"column":57}},"type":"binary-expr","locations":[{"start":{"line":13,"column":4},"end":{"line":13,"column":22}},{"start":{"line":13,"column":26},"end":{"line":13,"column":57}}],"line":13},"2":{"loc":{"start":{"line":21,"column":0},"end":{"line":23,"column":1}},"type":"if","locations":[{"start":{"line":21,"column":0},"end":{"line":23,"column":1}},{"start":{},"end":{}}],"line":21},"3":{"loc":{"start":{"line":26,"column":23},"end":{"line":28,"column":29}},"type":"cond-expr","locations":[{"start":{"line":27,"column":4},"end":{"line":27,"column":79}},{"start":{"line":28,"column":4},"end":{"line":28,"column":29}}],"line":26},"4":{"loc":{"start":{"line":33,"column":4},"end":{"line":35,"column":5}},"type":"if","locations":[{"start":{"line":33,"column":4},"end":{"line":35,"column":5}},{"start":{},"end":{}}],"line":33},"5":{"loc":{"start":{"line":38,"column":6},"end":{"line":45,"column":7}},"type":"if","locations":[{"start":{"line":38,"column":6},"end":{"line":45,"column":7}},{"start":{},"end":{}}],"line":38},"6":{"loc":{"start":{"line":49,"column":4},"end":{"line":53,"column":5}},"type":"if","locations":[{"start":{"line":49,"column":4},"end":{"line":53,"column":5}},{"start":{"line":51,"column":11},"end":{"line":53,"column":5}}],"line":49},"7":{"loc":{"start":{"line":77,"column":2},"end":{"line":96,"column":3}},"type":"if","locations":[{"start":{"line":77,"column":2},"end":{"line":96,"column":3}},{"start":{},"end":{}}],"line":77},"8":{"loc":{"start":{"line":81,"column":4},"end":{"line":83,"column":5}},"type":"if","locations":[{"start":{"line":81,"column":4},"end":{"line":83,"column":5}},{"start":{},"end":{}}],"line":81},"9":{"loc":{"start":{"line":86,"column":4},"end":{"line":89,"column":5}},"type":"if","locations":[{"start":{"line":86,"column":4},"end":{"line":89,"column":5}},{"start":{},"end":{}}],"line":86},"10":{"loc":{"start":{"line":93,"column":4},"end":{"line":95,"column":5}},"type":"if","locations":[{"start":{"line":93,"column":4},"end":{"line":95,"column":5}},{"start":{},"end":{}}],"line":93},"11":{"loc":{"start":{"line":93,"column":8},"end":{"line":93,"column":63}},"type":"binary-expr","locations":[{"start":{"line":93,"column":8},"end":{"line":93,"column":19}},{"start":{"line":93,"column":23},"end":{"line":93,"column":34}},{"start":{"line":93,"column":38},"end":{"line":93,"column":63}}],"line":93},"12":{"loc":{"start":{"line":126,"column":13},"end":{"line":126,"column":37}},"type":"binary-expr","locations":[{"start":{"line":126,"column":13},"end":{"line":126,"column":29}},{"start":{"line":126,"column":33},"end":{"line":126,"column":37}}],"line":126},"13":{"loc":{"start":{"line":127,"column":18},"end":{"line":127,"column":87}},"type":"binary-expr","locations":[{"start":{"line":127,"column":18},"end":{"line":127,"column":39}},{"start":{"line":127,"column":43},"end":{"line":127,"column":87}}],"line":127},"14":{"loc":{"start":{"line":129,"column":0},"end":{"line":144,"column":1}},"type":"if","locations":[{"start":{"line":129,"column":0},"end":{"line":144,"column":1}},{"start":{},"end":{}}],"line":129}},"s":{"0":7,"1":7,"2":7,"3":7,"4":7,"5":7,"6":7,"7":7,"8":7,"9":7,"10":21,"11":7,"12":0,"13":0,"14":7,"15":7,"16":0,"17":7,"18":0,"19":7,"20":58,"21":58,"22":0,"23":0,"24":0,"25":0,"26":0,"27":0,"28":0,"29":0,"30":0,"31":7,"32":7,"33":7,"34":7,"35":7,"36":7,"37":57,"38":44,"39":15,"40":29,"41":29,"42":29,"43":29,"44":29,"45":29,"46":1,"47":41,"48":7,"49":7,"50":7,"51":7,"52":7,"53":7,"54":7,"55":7,"56":1,"57":7,"58":2,"59":7,"60":7,"61":7,"62":7,"63":7,"64":0,"65":0,"66":0,"67":0,"68":0,"69":0,"70":0,"71":7},"f":{"0":21,"1":0,"2":58,"3":0,"4":57,"5":1,"6":2,"7":0,"8":0,"9":0},"b":{"0":[0,7],"1":[7,0],"2":[0,7],"3":[0,7],"4":[58,0],"5":[0,0],"6":[0,0],"7":[44,13],"8":[15,29],"9":[29,0],"10":[1,28],"11":[29,29,28],"12":[7,0],"13":[7,0],"14":[0,7]},"_coverageSchema":"1a1c01bbd47fc00a2c39e90264f33305004495a9","hash":"81fe13b5b80a38d2a096ddf410e4ff77ea61278a"}
,"K:\\Projects\\VirtualPromptWar2\\server\\config\\emissionFactors.js": {"path":"K:\\Projects\\VirtualPromptWar2\\server\\config\\emissionFactors.js","statementMap":{"0":{"start":{"line":9,"column":25},"end":{"line":63,"column":1}},"1":{"start":{"line":65,"column":0},"end":{"line":67,"column":2}}},"fnMap":{},"branchMap":{"0":{"loc":{"start":{"line":11,"column":16},"end":{"line":11,"column":77}},"type":"binary-expr","locations":[{"start":{"line":11,"column":16},"end":{"line":11,"column":69}},{"start":{"line":11,"column":73},"end":{"line":11,"column":77}}],"line":11},"1":{"loc":{"start":{"line":12,"column":16},"end":{"line":12,"column":77}},"type":"binary-expr","locations":[{"start":{"line":12,"column":16},"end":{"line":12,"column":69}},{"start":{"line":12,"column":73},"end":{"line":12,"column":77}}],"line":12},"2":{"loc":{"start":{"line":13,"column":18},"end":{"line":13,"column":81}},"type":"binary-expr","locations":[{"start":{"line":13,"column":18},"end":{"line":13,"column":73}},{"start":{"line":13,"column":77},"end":{"line":13,"column":81}}],"line":13},"3":{"loc":{"start":{"line":14,"column":10},"end":{"line":14,"column":64}},"type":"binary-expr","locations":[{"start":{"line":14,"column":10},"end":{"line":14,"column":57}},{"start":{"line":14,"column":61},"end":{"line":14,"column":64}}],"line":14},"4":{"loc":{"start":{"line":15,"column":20},"end":{"line":15,"column":86}},"type":"binary-expr","locations":[{"start":{"line":15,"column":20},"end":{"line":15,"column":77}},{"start":{"line":15,"column":81},"end":{"line":15,"column":86}}],"line":15},"5":{"loc":{"start":{"line":16,"column":10},"end":{"line":16,"column":64}},"type":"binary-expr","locations":[{"start":{"line":16,"column":10},"end":{"line":16,"column":57}},{"start":{"line":16,"column":61},"end":{"line":16,"column":64}}],"line":16},"6":{"loc":{"start":{"line":19,"column":11},"end":{"line":19,"column":64}},"type":"binary-expr","locations":[{"start":{"line":19,"column":11},"end":{"line":19,"column":56}},{"start":{"line":19,"column":60},"end":{"line":19,"column":64}}],"line":19},"7":{"loc":{"start":{"line":20,"column":16},"end":{"line":20,"column":74}},"type":"binary-expr","locations":[{"start":{"line":20,"column":16},"end":{"line":20,"column":66}},{"start":{"line":20,"column":70},"end":{"line":20,"column":74}}],"line":20},"8":{"loc":{"start":{"line":21,"column":17},"end":{"line":21,"column":76}},"type":"binary-expr","locations":[{"start":{"line":21,"column":17},"end":{"line":21,"column":68}},{"start":{"line":21,"column":72},"end":{"line":21,"column":76}}],"line":21},"9":{"loc":{"start":{"line":22,"column":14},"end":{"line":22,"column":70}},"type":"binary-expr","locations":[{"start":{"line":22,"column":14},"end":{"line":22,"column":62}},{"start":{"line":22,"column":66},"end":{"line":22,"column":70}}],"line":22},"10":{"loc":{"start":{"line":23,"column":16},"end":{"line":23,"column":74}},"type":"binary-expr","locations":[{"start":{"line":23,"column":16},"end":{"line":23,"column":66}},{"start":{"line":23,"column":70},"end":{"line":23,"column":74}}],"line":23},"11":{"loc":{"start":{"line":26,"column":15},"end":{"line":26,"column":72}},"type":"binary-expr","locations":[{"start":{"line":26,"column":15},"end":{"line":26,"column":64}},{"start":{"line":26,"column":68},"end":{"line":26,"column":72}}],"line":26},"12":{"loc":{"start":{"line":27,"column":11},"end":{"line":27,"column":64}},"type":"binary-expr","locations":[{"start":{"line":27,"column":11},"end":{"line":27,"column":56}},{"start":{"line":27,"column":60},"end":{"line":27,"column":64}}],"line":27},"13":{"loc":{"start":{"line":28,"column":10},"end":{"line":28,"column":62}},"type":"binary-expr","locations":[{"start":{"line":28,"column":10},"end":{"line":28,"column":54}},{"start":{"line":28,"column":58},"end":{"line":28,"column":62}}],"line":28},"14":{"loc":{"start":{"line":31,"column":13},"end":{"line":31,"column":71}},"type":"binary-expr","locations":[{"start":{"line":31,"column":13},"end":{"line":31,"column":64}},{"start":{"line":31,"column":68},"end":{"line":31,"column":71}}],"line":31},"15":{"loc":{"start":{"line":32,"column":13},"end":{"line":32,"column":72}},"type":"binary-expr","locations":[{"start":{"line":32,"column":13},"end":{"line":32,"column":64}},{"start":{"line":32,"column":68},"end":{"line":32,"column":72}}],"line":32},"16":{"loc":{"start":{"line":33,"column":14},"end":{"line":33,"column":74}},"type":"binary-expr","locations":[{"start":{"line":33,"column":14},"end":{"line":33,"column":66}},{"start":{"line":33,"column":70},"end":{"line":33,"column":74}}],"line":33},"17":{"loc":{"start":{"line":36,"column":15},"end":{"line":36,"column":74}},"type":"binary-expr","locations":[{"start":{"line":36,"column":15},"end":{"line":36,"column":67}},{"start":{"line":36,"column":71},"end":{"line":36,"column":74}}],"line":36},"18":{"loc":{"start":{"line":37,"column":14},"end":{"line":37,"column":73}},"type":"binary-expr","locations":[{"start":{"line":37,"column":14},"end":{"line":37,"column":65}},{"start":{"line":37,"column":69},"end":{"line":37,"column":73}}],"line":37},"19":{"loc":{"start":{"line":42,"column":22},"end":{"line":42,"column":85}},"type":"binary-expr","locations":[{"start":{"line":42,"column":22},"end":{"line":42,"column":77}},{"start":{"line":42,"column":81},"end":{"line":42,"column":85}}],"line":42},"20":{"loc":{"start":{"line":44,"column":22},"end":{"line":44,"column":85}},"type":"binary-expr","locations":[{"start":{"line":44,"column":22},"end":{"line":44,"column":77}},{"start":{"line":44,"column":81},"end":{"line":44,"column":85}}],"line":44},"21":{"loc":{"start":{"line":47,"column":18},"end":{"line":47,"column":72}},"type":"binary-expr","locations":[{"start":{"line":47,"column":18},"end":{"line":47,"column":64}},{"start":{"line":47,"column":68},"end":{"line":47,"column":72}}],"line":47},"22":{"loc":{"start":{"line":48,"column":23},"end":{"line":48,"column":82}},"type":"binary-expr","locations":[{"start":{"line":48,"column":23},"end":{"line":48,"column":74}},{"start":{"line":48,"column":78},"end":{"line":48,"column":82}}],"line":48},"23":{"loc":{"start":{"line":49,"column":17},"end":{"line":49,"column":69}},"type":"binary-expr","locations":[{"start":{"line":49,"column":17},"end":{"line":49,"column":62}},{"start":{"line":49,"column":66},"end":{"line":49,"column":69}}],"line":49},"24":{"loc":{"start":{"line":50,"column":21},"end":{"line":50,"column":78}},"type":"binary-expr","locations":[{"start":{"line":50,"column":21},"end":{"line":50,"column":70}},{"start":{"line":50,"column":74},"end":{"line":50,"column":78}}],"line":50},"25":{"loc":{"start":{"line":53,"column":19},"end":{"line":53,"column":74}},"type":"binary-expr","locations":[{"start":{"line":53,"column":19},"end":{"line":53,"column":66}},{"start":{"line":53,"column":70},"end":{"line":53,"column":74}}],"line":53},"26":{"loc":{"start":{"line":54,"column":23},"end":{"line":54,"column":82}},"type":"binary-expr","locations":[{"start":{"line":54,"column":23},"end":{"line":54,"column":74}},{"start":{"line":54,"column":78},"end":{"line":54,"column":82}}],"line":54},"27":{"loc":{"start":{"line":55,"column":23},"end":{"line":55,"column":82}},"type":"binary-expr","locations":[{"start":{"line":55,"column":23},"end":{"line":55,"column":74}},{"start":{"line":55,"column":78},"end":{"line":55,"column":82}}],"line":55},"28":{"loc":{"start":{"line":58,"column":23},"end":{"line":58,"column":86}},"type":"binary-expr","locations":[{"start":{"line":58,"column":23},"end":{"line":58,"column":78}},{"start":{"line":58,"column":82},"end":{"line":58,"column":86}}],"line":58},"29":{"loc":{"start":{"line":59,"column":21},"end":{"line":59,"column":82}},"type":"binary-expr","locations":[{"start":{"line":59,"column":21},"end":{"line":59,"column":74}},{"start":{"line":59,"column":78},"end":{"line":59,"column":82}}],"line":59},"30":{"loc":{"start":{"line":60,"column":23},"end":{"line":60,"column":84}},"type":"binary-expr","locations":[{"start":{"line":60,"column":23},"end":{"line":60,"column":78}},{"start":{"line":60,"column":82},"end":{"line":60,"column":84}}],"line":60}},"s":{"0":8,"1":8},"f":{},"b":{"0":[8,8],"1":[8,8],"2":[8,8],"3":[8,8],"4":[8,8],"5":[8,8],"6":[8,8],"7":[8,8],"8":[8,8],"9":[8,8],"10":[8,8],"11":[8,8],"12":[8,8],"13":[8,8],"14":[8,8],"15":[8,8],"16":[8,8],"17":[8,8],"18":[8,8],"19":[8,8],"20":[8,8],"21":[8,8],"22":[8,8],"23":[8,8],"24":[8,8],"25":[8,8],"26":[8,8],"27":[8,8],"28":[8,8],"29":[8,8],"30":[8,8]},"_coverageSchema":"1a1c01bbd47fc00a2c39e90264f33305004495a9","hash":"9a4d3edc0476f82d6d4564ca5b3d337e88c355e7"}
,"K:\\Projects\\VirtualPromptWar2\\server\\middleware\\auth.js": {"path":"K:\\Projects\\VirtualPromptWar2\\server\\middleware\\auth.js","statementMap":{"0":{"start":{"line":1,"column":12},"end":{"line":1,"column":35}},"1":{"start":{"line":2,"column":25},"end":{"line":2,"column":57}},"2":{"start":{"line":3,"column":25},"end":{"line":3,"column":62}},"3":{"start":{"line":5,"column":13},"end":{"line":42,"column":1}},"4":{"start":{"line":6,"column":2},"end":{"line":41,"column":3}},"5":{"start":{"line":7,"column":16},"end":{"line":7,"column":20}},"6":{"start":{"line":10,"column":4},"end":{"line":13,"column":5}},"7":{"start":{"line":11,"column":22},"end":{"line":11,"column":54}},"8":{"start":{"line":12,"column":6},"end":{"line":12,"column":32}},"9":{"start":{"line":16,"column":4},"end":{"line":21,"column":5}},"10":{"start":{"line":17,"column":25},"end":{"line":17,"column":52}},"11":{"start":{"line":18,"column":6},"end":{"line":20,"column":7}},"12":{"start":{"line":19,"column":8},"end":{"line":19,"column":50}},"13":{"start":{"line":23,"column":4},"end":{"line":25,"column":5}},"14":{"start":{"line":24,"column":6},"end":{"line":24,"column":80}},"15":{"start":{"line":27,"column":20},"end":{"line":27,"column":61}},"16":{"start":{"line":30,"column":26},"end":{"line":30,"column":67}},"17":{"start":{"line":31,"column":4},"end":{"line":33,"column":5}},"18":{"start":{"line":32,"column":6},"end":{"line":32,"column":73}},"19":{"start":{"line":34,"column":4},"end":{"line":34,"column":32}},"20":{"start":{"line":35,"column":4},"end":{"line":35,"column":11}},"21":{"start":{"line":37,"column":4},"end":{"line":39,"column":5}},"22":{"start":{"line":38,"column":6},"end":{"line":38,"column":82}},"23":{"start":{"line":40,"column":4},"end":{"line":40,"column":68}},"24":{"start":{"line":44,"column":0},"end":{"line":44,"column":22}}},"fnMap":{"0":{"name":"(anonymous_0)","decl":{"start":{"line":5,"column":13},"end":{"line":5,"column":14}},"loc":{"start":{"line":5,"column":39},"end":{"line":42,"column":1}},"line":5}},"branchMap":{"0":{"loc":{"start":{"line":10,"column":4},"end":{"line":13,"column":5}},"type":"if","locations":[{"start":{"line":10,"column":4},"end":{"line":13,"column":5}},{"start":{},"end":{}}],"line":10},"1":{"loc":{"start":{"line":16,"column":4},"end":{"line":21,"column":5}},"type":"if","locations":[{"start":{"line":16,"column":4},"end":{"line":21,"column":5}},{"start":{},"end":{}}],"line":16},"2":{"loc":{"start":{"line":18,"column":6},"end":{"line":20,"column":7}},"type":"if","locations":[{"start":{"line":18,"column":6},"end":{"line":20,"column":7}},{"start":{},"end":{}}],"line":18},"3":{"loc":{"start":{"line":23,"column":4},"end":{"line":25,"column":5}},"type":"if","locations":[{"start":{"line":23,"column":4},"end":{"line":25,"column":5}},{"start":{},"end":{}}],"line":23},"4":{"loc":{"start":{"line":31,"column":4},"end":{"line":33,"column":5}},"type":"if","locations":[{"start":{"line":31,"column":4},"end":{"line":33,"column":5}},{"start":{},"end":{}}],"line":31},"5":{"loc":{"start":{"line":37,"column":4},"end":{"line":39,"column":5}},"type":"if","locations":[{"start":{"line":37,"column":4},"end":{"line":39,"column":5}},{"start":{},"end":{}}],"line":37}},"s":{"0":7,"1":7,"2":7,"3":7,"4":36,"5":36,"6":36,"7":29,"8":29,"9":36,"10":9,"11":9,"12":5,"13":36,"14":4,"15":32,"16":31,"17":31,"18":1,"19":30,"20":30,"21":1,"22":0,"23":1,"24":7},"f":{"0":36},"b":{"0":[29,7],"1":[9,27],"2":[5,4],"3":[4,32],"4":[1,30],"5":[0,1]},"_coverageSchema":"1a1c01bbd47fc00a2c39e90264f33305004495a9","hash":"1c2063795a0b07e93fe555cd7dac8a28d8575c3a"}
,"K:\\Projects\\VirtualPromptWar2\\server\\middleware\\errorHandler.js": {"path":"K:\\Projects\\VirtualPromptWar2\\server\\middleware\\errorHandler.js","statementMap":{"0":{"start":{"line":9,"column":21},"end":{"line":54,"column":1}},"1":{"start":{"line":11,"column":2},"end":{"line":13,"column":3}},"2":{"start":{"line":12,"column":4},"end":{"line":12,"column":21}},"3":{"start":{"line":16,"column":2},"end":{"line":19,"column":3}},"4":{"start":{"line":17,"column":21},"end":{"line":17,"column":66}},"5":{"start":{"line":17,"column":56},"end":{"line":17,"column":65}},"6":{"start":{"line":18,"column":4},"end":{"line":18,"column":64}},"7":{"start":{"line":22,"column":2},"end":{"line":25,"column":3}},"8":{"start":{"line":23,"column":20},"end":{"line":23,"column":67}},"9":{"start":{"line":24,"column":4},"end":{"line":24,"column":52}},"10":{"start":{"line":28,"column":2},"end":{"line":30,"column":3}},"11":{"start":{"line":29,"column":4},"end":{"line":29,"column":71}},"12":{"start":{"line":33,"column":2},"end":{"line":35,"column":3}},"13":{"start":{"line":34,"column":4},"end":{"line":34,"column":75}},"14":{"start":{"line":36,"column":2},"end":{"line":38,"column":3}},"15":{"start":{"line":37,"column":4},"end":{"line":37,"column":80}},"16":{"start":{"line":41,"column":2},"end":{"line":43,"column":3}},"17":{"start":{"line":42,"column":4},"end":{"line":42,"column":72}},"18":{"start":{"line":46,"column":21},"end":{"line":46,"column":42}},"19":{"start":{"line":47,"column":18},"end":{"line":47,"column":76}},"20":{"start":{"line":49,"column":2},"end":{"line":51,"column":3}},"21":{"start":{"line":50,"column":4},"end":{"line":50,"column":43}},"22":{"start":{"line":53,"column":2},"end":{"line":53,"column":50}},"23":{"start":{"line":56,"column":0},"end":{"line":56,"column":30}}},"fnMap":{"0":{"name":"(anonymous_0)","decl":{"start":{"line":9,"column":21},"end":{"line":9,"column":22}},"loc":{"start":{"line":9,"column":46},"end":{"line":54,"column":1}},"line":9},"1":{"name":"(anonymous_1)","decl":{"start":{"line":17,"column":51},"end":{"line":17,"column":52}},"loc":{"start":{"line":17,"column":56},"end":{"line":17,"column":65}},"line":17}},"branchMap":{"0":{"loc":{"start":{"line":11,"column":2},"end":{"line":13,"column":3}},"type":"if","locations":[{"start":{"line":11,"column":2},"end":{"line":13,"column":3}},{"start":{},"end":{}}],"line":11},"1":{"loc":{"start":{"line":16,"column":2},"end":{"line":19,"column":3}},"type":"if","locations":[{"start":{"line":16,"column":2},"end":{"line":19,"column":3}},{"start":{},"end":{}}],"line":16},"2":{"loc":{"start":{"line":16,"column":6},"end":{"line":16,"column":50}},"type":"binary-expr","locations":[{"start":{"line":16,"column":6},"end":{"line":16,"column":36}},{"start":{"line":16,"column":40},"end":{"line":16,"column":50}}],"line":16},"3":{"loc":{"start":{"line":22,"column":2},"end":{"line":25,"column":3}},"type":"if","locations":[{"start":{"line":22,"column":2},"end":{"line":25,"column":3}},{"start":{},"end":{}}],"line":22},"4":{"loc":{"start":{"line":22,"column":6},"end":{"line":22,"column":43}},"type":"binary-expr","locations":[{"start":{"line":22,"column":6},"end":{"line":22,"column":29}},{"start":{"line":22,"column":33},"end":{"line":22,"column":43}}],"line":22},"5":{"loc":{"start":{"line":23,"column":20},"end":{"line":23,"column":67}},"type":"binary-expr","locations":[{"start":{"line":23,"column":20},"end":{"line":23,"column":44}},{"start":{"line":23,"column":48},"end":{"line":23,"column":67}}],"line":23},"6":{"loc":{"start":{"line":28,"column":2},"end":{"line":30,"column":3}},"type":"if","locations":[{"start":{"line":28,"column":2},"end":{"line":30,"column":3}},{"start":{},"end":{}}],"line":28},"7":{"loc":{"start":{"line":28,"column":6},"end":{"line":28,"column":64}},"type":"binary-expr","locations":[{"start":{"line":28,"column":6},"end":{"line":28,"column":17}},{"start":{"line":28,"column":21},"end":{"line":28,"column":64}}],"line":28},"8":{"loc":{"start":{"line":33,"column":2},"end":{"line":35,"column":3}},"type":"if","locations":[{"start":{"line":33,"column":2},"end":{"line":35,"column":3}},{"start":{},"end":{}}],"line":33},"9":{"loc":{"start":{"line":36,"column":2},"end":{"line":38,"column":3}},"type":"if","locations":[{"start":{"line":36,"column":2},"end":{"line":38,"column":3}},{"start":{},"end":{}}],"line":36},"10":{"loc":{"start":{"line":41,"column":2},"end":{"line":43,"column":3}},"type":"if","locations":[{"start":{"line":41,"column":2},"end":{"line":43,"column":3}},{"start":{},"end":{}}],"line":41},"11":{"loc":{"start":{"line":46,"column":21},"end":{"line":46,"column":42}},"type":"binary-expr","locations":[{"start":{"line":46,"column":21},"end":{"line":46,"column":35}},{"start":{"line":46,"column":39},"end":{"line":46,"column":42}}],"line":46},"12":{"loc":{"start":{"line":47,"column":18},"end":{"line":47,"column":76}},"type":"cond-expr","locations":[{"start":{"line":47,"column":39},"end":{"line":47,"column":62}},{"start":{"line":47,"column":65},"end":{"line":47,"column":76}}],"line":47},"13":{"loc":{"start":{"line":49,"column":2},"end":{"line":51,"column":3}},"type":"if","locations":[{"start":{"line":49,"column":2},"end":{"line":51,"column":3}},{"start":{},"end":{}}],"line":49}},"s":{"0":7,"1":1,"2":0,"3":1,"4":0,"5":0,"6":0,"7":1,"8":0,"9":0,"10":1,"11":0,"12":1,"13":0,"14":1,"15":0,"16":1,"17":0,"18":1,"19":1,"20":1,"21":0,"22":1,"23":7},"f":{"0":1,"1":0},"b":{"0":[0,1],"1":[0,1],"2":[1,0],"3":[0,1],"4":[1,1],"5":[0,0],"6":[0,1],"7":[1,1],"8":[0,1],"9":[0,1],"10":[0,1],"11":[1,0],"12":[0,1],"13":[0,1]},"_coverageSchema":"1a1c01bbd47fc00a2c39e90264f33305004495a9","hash":"6a2bd1dac573a339fc26a3f2366ef1aa1d35f6e3"}
,"K:\\Projects\\VirtualPromptWar2\\server\\models\\Action.js": {"path":"K:\\Projects\\VirtualPromptWar2\\server\\models\\Action.js","statementMap":{"0":{"start":{"line":1,"column":17},"end":{"line":1,"column":36}},"1":{"start":{"line":3,"column":21},"end":{"line":33,"column":2}},"2":{"start":{"line":36,"column":0},"end":{"line":36,"column":49}},"3":{"start":{"line":38,"column":0},"end":{"line":38,"column":56}}},"fnMap":{},"branchMap":{},"s":{"0":7,"1":7,"2":7,"3":7},"f":{},"b":{},"_coverageSchema":"1a1c01bbd47fc00a2c39e90264f33305004495a9","hash":"e78858214bea8e130c4f85e84207e5ae7f4c57a4"}
,"K:\\Projects\\VirtualPromptWar2\\server\\models\\BlacklistedToken.js": {"path":"K:\\Projects\\VirtualPromptWar2\\server\\models\\BlacklistedToken.js","statementMap":{"0":{"start":{"line":1,"column":17},"end":{"line":1,"column":36}},"1":{"start":{"line":3,"column":31},"end":{"line":15,"column":2}},"2":{"start":{"line":17,"column":0},"end":{"line":17,"column":76}}},"fnMap":{},"branchMap":{},"s":{"0":7,"1":7,"2":7},"f":{},"b":{},"_coverageSchema":"1a1c01bbd47fc00a2c39e90264f33305004495a9","hash":"320ac121e70bc3b053abf999c950d3db3125fd4a"}
,"K:\\Projects\\VirtualPromptWar2\\server\\models\\User.js": {"path":"K:\\Projects\\VirtualPromptWar2\\server\\models\\User.js","statementMap":{"0":{"start":{"line":1,"column":17},"end":{"line":1,"column":36}},"1":{"start":{"line":2,"column":15},"end":{"line":2,"column":34}},"2":{"start":{"line":4,"column":19},"end":{"line":116,"column":2}},"3":{"start":{"line":119,"column":0},"end":{"line":119,"column":60}},"4":{"start":{"line":120,"column":0},"end":{"line":120,"column":56}},"5":{"start":{"line":124,"column":0},"end":{"line":129,"column":3}},"6":{"start":{"line":125,"column":2},"end":{"line":125,"column":50}},"7":{"start":{"line":125,"column":36},"end":{"line":125,"column":50}},"8":{"start":{"line":126,"column":15},"end":{"line":126,"column":39}},"9":{"start":{"line":127,"column":2},"end":{"line":127,"column":57}},"10":{"start":{"line":128,"column":2},"end":{"line":128,"column":9}},"11":{"start":{"line":132,"column":0},"end":{"line":134,"column":2}},"12":{"start":{"line":133,"column":2},"end":{"line":133,"column":58}},"13":{"start":{"line":137,"column":0},"end":{"line":158,"column":2}},"14":{"start":{"line":138,"column":16},"end":{"line":138,"column":26}},"15":{"start":{"line":139,"column":2},"end":{"line":139,"column":29}},"16":{"start":{"line":142,"column":24},"end":{"line":146,"column":4}},"17":{"start":{"line":143,"column":21},"end":{"line":143,"column":37}},"18":{"start":{"line":144,"column":4},"end":{"line":144,"column":34}},"19":{"start":{"line":145,"column":4},"end":{"line":145,"column":50}},"20":{"start":{"line":148,"column":2},"end":{"line":152,"column":3}},"21":{"start":{"line":149,"column":4},"end":{"line":149,"column":53}},"22":{"start":{"line":151,"column":4},"end":{"line":151,"column":53}},"23":{"start":{"line":155,"column":17},"end":{"line":155,"column":27}},"24":{"start":{"line":156,"column":2},"end":{"line":156,"column":40}},"25":{"start":{"line":157,"column":2},"end":{"line":157,"column":84}},"26":{"start":{"line":157,"column":56},"end":{"line":157,"column":82}},"27":{"start":{"line":160,"column":0},"end":{"line":160,"column":52}}},"fnMap":{"0":{"name":"(anonymous_0)","decl":{"start":{"line":124,"column":23},"end":{"line":124,"column":24}},"loc":{"start":{"line":124,"column":44},"end":{"line":129,"column":1}},"line":124},"1":{"name":"(anonymous_1)","decl":{"start":{"line":132,"column":37},"end":{"line":132,"column":38}},"loc":{"start":{"line":132,"column":71},"end":{"line":134,"column":1}},"line":132},"2":{"name":"(anonymous_2)","decl":{"start":{"line":137,"column":38},"end":{"line":137,"column":39}},"loc":{"start":{"line":137,"column":54},"end":{"line":158,"column":1}},"line":137},"3":{"name":"(anonymous_3)","decl":{"start":{"line":142,"column":54},"end":{"line":142,"column":55}},"loc":{"start":{"line":142,"column":59},"end":{"line":146,"column":3}},"line":142},"4":{"name":"(anonymous_4)","decl":{"start":{"line":157,"column":51},"end":{"line":157,"column":52}},"loc":{"start":{"line":157,"column":56},"end":{"line":157,"column":82}},"line":157}},"branchMap":{"0":{"loc":{"start":{"line":125,"column":2},"end":{"line":125,"column":50}},"type":"if","locations":[{"start":{"line":125,"column":2},"end":{"line":125,"column":50}},{"start":{},"end":{}}],"line":125},"1":{"loc":{"start":{"line":148,"column":2},"end":{"line":152,"column":3}},"type":"if","locations":[{"start":{"line":148,"column":2},"end":{"line":152,"column":3}},{"start":{"line":150,"column":9},"end":{"line":152,"column":3}}],"line":148}},"s":{"0":7,"1":7,"2":7,"3":7,"4":7,"5":7,"6":13,"7":5,"8":8,"9":8,"10":8,"11":7,"12":2,"13":7,"14":4,"15":4,"16":4,"17":1,"18":1,"19":1,"20":4,"21":1,"22":3,"23":4,"24":4,"25":4,"26":4,"27":7},"f":{"0":13,"1":2,"2":4,"3":1,"4":4},"b":{"0":[5,8],"1":[1,3]},"_coverageSchema":"1a1c01bbd47fc00a2c39e90264f33305004495a9","hash":"05969a1860fc0924be052154f5eefae12bd1c650"}
,"K:\\Projects\\VirtualPromptWar2\\server\\models\\WeeklyReport.js": {"path":"K:\\Projects\\VirtualPromptWar2\\server\\models\\WeeklyReport.js","statementMap":{"0":{"start":{"line":1,"column":17},"end":{"line":1,"column":36}},"1":{"start":{"line":3,"column":27},"end":{"line":42,"column":2}},"2":{"start":{"line":44,"column":0},"end":{"line":44,"column":73}},"3":{"start":{"line":46,"column":0},"end":{"line":46,"column":68}}},"fnMap":{},"branchMap":{},"s":{"0":7,"1":7,"2":7,"3":7},"f":{},"b":{},"_coverageSchema":"1a1c01bbd47fc00a2c39e90264f33305004495a9","hash":"bc58f830d3bf256e980465d14f81555fee0c08fd"}
,"K:\\Projects\\VirtualPromptWar2\\server\\routes\\actions.js": {"path":"K:\\Projects\\VirtualPromptWar2\\server\\routes\\actions.js","statementMap":{"0":{"start":{"line":1,"column":16},"end":{"line":1,"column":34}},"1":{"start":{"line":2,"column":13},"end":{"line":2,"column":42}},"2":{"start":{"line":3,"column":15},"end":{"line":3,"column":42}},"3":{"start":{"line":4,"column":13},"end":{"line":4,"column":38}},"4":{"start":{"line":5,"column":47},"end":{"line":5,"column":82}},"5":{"start":{"line":6,"column":37},"end":{"line":6,"column":68}},"6":{"start":{"line":8,"column":15},"end":{"line":8,"column":31}},"7":{"start":{"line":10,"column":14},"end":{"line":10,"column":28}},"8":{"start":{"line":12,"column":21},"end":{"line":17,"column":1}},"9":{"start":{"line":19,"column":24},"end":{"line":43,"column":2}},"10":{"start":{"line":21,"column":4},"end":{"line":21,"column":67}},"11":{"start":{"line":29,"column":18},"end":{"line":29,"column":45}},"12":{"start":{"line":30,"column":2},"end":{"line":30,"column":50}},"13":{"start":{"line":35,"column":2},"end":{"line":38,"column":3}},"14":{"start":{"line":36,"column":15},"end":{"line":36,"column":22}},"15":{"start":{"line":37,"column":4},"end":{"line":37,"column":67}},"16":{"start":{"line":39,"column":2},"end":{"line":39,"column":14}},"17":{"start":{"line":45,"column":26},"end":{"line":54,"column":1}},"18":{"start":{"line":46,"column":17},"end":{"line":46,"column":52}},"19":{"start":{"line":47,"column":2},"end":{"line":50,"column":3}},"20":{"start":{"line":48,"column":21},"end":{"line":48,"column":51}},"21":{"start":{"line":49,"column":4},"end":{"line":49,"column":53}},"22":{"start":{"line":52,"column":2},"end":{"line":52,"column":25}},"23":{"start":{"line":53,"column":2},"end":{"line":53,"column":9}},"24":{"start":{"line":57,"column":0},"end":{"line":153,"column":3}},"25":{"start":{"line":58,"column":2},"end":{"line":152,"column":3}},"26":{"start":{"line":59,"column":44},"end":{"line":59,"column":52}},"27":{"start":{"line":61,"column":17},"end":{"line":61,"column":48}},"28":{"start":{"line":62,"column":4},"end":{"line":62,"column":72}},"29":{"start":{"line":62,"column":15},"end":{"line":62,"column":72}},"30":{"start":{"line":65,"column":4},"end":{"line":65,"column":41}},"31":{"start":{"line":68,"column":21},"end":{"line":68,"column":86}},"32":{"start":{"line":71,"column":22},"end":{"line":78,"column":6}},"33":{"start":{"line":79,"column":4},"end":{"line":79,"column":27}},"34":{"start":{"line":82,"column":4},"end":{"line":82,"column":66}},"35":{"start":{"line":83,"column":4},"end":{"line":83,"column":58}},"36":{"start":{"line":86,"column":23},"end":{"line":86,"column":66}},"37":{"start":{"line":87,"column":4},"end":{"line":87,"column":25}},"38":{"start":{"line":88,"column":4},"end":{"line":88,"column":34}},"39":{"start":{"line":91,"column":4},"end":{"line":91,"column":45}},"40":{"start":{"line":92,"column":4},"end":{"line":92,"column":22}},"41":{"start":{"line":95,"column":20},"end":{"line":95,"column":30}},"42":{"start":{"line":96,"column":4},"end":{"line":96,"column":43}},"43":{"start":{"line":97,"column":26},"end":{"line":100,"column":6}},"44":{"start":{"line":101,"column":20},"end":{"line":105,"column":5}},"45":{"start":{"line":103,"column":51},"end":{"line":103,"column":67}},"46":{"start":{"line":106,"column":4},"end":{"line":112,"column":7}},"47":{"start":{"line":107,"column":6},"end":{"line":109,"column":7}},"48":{"start":{"line":108,"column":8},"end":{"line":108,"column":64}},"49":{"start":{"line":110,"column":6},"end":{"line":110,"column":45}},"50":{"start":{"line":111,"column":6},"end":{"line":111,"column":57}},"51":{"start":{"line":114,"column":4},"end":{"line":144,"column":7}},"52":{"start":{"line":146,"column":4},"end":{"line":149,"column":5}},"53":{"start":{"line":147,"column":23},"end":{"line":147,"column":74}},"54":{"start":{"line":147,"column":62},"end":{"line":147,"column":73}},"55":{"start":{"line":148,"column":6},"end":{"line":148,"column":66}},"56":{"start":{"line":150,"column":4},"end":{"line":150,"column":46}},"57":{"start":{"line":151,"column":4},"end":{"line":151,"column":52}},"58":{"start":{"line":156,"column":0},"end":{"line":175,"column":3}},"59":{"start":{"line":157,"column":2},"end":{"line":174,"column":3}},"60":{"start":{"line":158,"column":15},"end":{"line":158,"column":39}},"61":{"start":{"line":159,"column":4},"end":{"line":161,"column":5}},"62":{"start":{"line":160,"column":6},"end":{"line":160,"column":15}},"63":{"start":{"line":162,"column":18},"end":{"line":162,"column":28}},"64":{"start":{"line":163,"column":4},"end":{"line":163,"column":42}},"65":{"start":{"line":165,"column":20},"end":{"line":168,"column":41}},"66":{"start":{"line":170,"column":4},"end":{"line":170,"column":22}},"67":{"start":{"line":172,"column":4},"end":{"line":172,"column":47}},"68":{"start":{"line":173,"column":4},"end":{"line":173,"column":52}},"69":{"start":{"line":178,"column":0},"end":{"line":207,"column":3}},"70":{"start":{"line":179,"column":2},"end":{"line":206,"column":3}},"71":{"start":{"line":180,"column":20},"end":{"line":180,"column":30}},"72":{"start":{"line":181,"column":4},"end":{"line":181,"column":43}},"73":{"start":{"line":183,"column":20},"end":{"line":186,"column":6}},"74":{"start":{"line":188,"column":20},"end":{"line":192,"column":5}},"75":{"start":{"line":190,"column":45},"end":{"line":190,"column":61}},"76":{"start":{"line":194,"column":4},"end":{"line":200,"column":7}},"77":{"start":{"line":195,"column":6},"end":{"line":197,"column":7}},"78":{"start":{"line":196,"column":8},"end":{"line":196,"column":64}},"79":{"start":{"line":198,"column":6},"end":{"line":198,"column":45}},"80":{"start":{"line":199,"column":6},"end":{"line":199,"column":57}},"81":{"start":{"line":202,"column":4},"end":{"line":202,"column":22}},"82":{"start":{"line":204,"column":4},"end":{"line":204,"column":47}},"83":{"start":{"line":205,"column":4},"end":{"line":205,"column":52}},"84":{"start":{"line":209,"column":0},"end":{"line":209,"column":24}}},"fnMap":{"0":{"name":"(anonymous_0)","decl":{"start":{"line":20,"column":65},"end":{"line":20,"column":66}},"loc":{"start":{"line":20,"column":72},"end":{"line":22,"column":3}},"line":20},"1":{"name":"(anonymous_1)","decl":{"start":{"line":28,"column":10},"end":{"line":28,"column":11}},"loc":{"start":{"line":28,"column":18},"end":{"line":31,"column":1}},"line":28},"2":{"name":"(anonymous_2)","decl":{"start":{"line":34,"column":10},"end":{"line":34,"column":11}},"loc":{"start":{"line":34,"column":18},"end":{"line":40,"column":1}},"line":34},"3":{"name":"(anonymous_3)","decl":{"start":{"line":45,"column":26},"end":{"line":45,"column":27}},"loc":{"start":{"line":45,"column":46},"end":{"line":54,"column":1}},"line":45},"4":{"name":"(anonymous_4)","decl":{"start":{"line":57,"column":45},"end":{"line":57,"column":46}},"loc":{"start":{"line":57,"column":65},"end":{"line":153,"column":1}},"line":57},"5":{"name":"(anonymous_5)","decl":{"start":{"line":103,"column":39},"end":{"line":103,"column":40}},"loc":{"start":{"line":103,"column":51},"end":{"line":103,"column":67}},"line":103},"6":{"name":"(anonymous_6)","decl":{"start":{"line":106,"column":26},"end":{"line":106,"column":27}},"loc":{"start":{"line":106,"column":31},"end":{"line":112,"column":5}},"line":106},"7":{"name":"(anonymous_7)","decl":{"start":{"line":147,"column":55},"end":{"line":147,"column":56}},"loc":{"start":{"line":147,"column":62},"end":{"line":147,"column":73}},"line":147},"8":{"name":"(anonymous_8)","decl":{"start":{"line":156,"column":29},"end":{"line":156,"column":30}},"loc":{"start":{"line":156,"column":49},"end":{"line":175,"column":1}},"line":156},"9":{"name":"(anonymous_9)","decl":{"start":{"line":178,"column":29},"end":{"line":178,"column":30}},"loc":{"start":{"line":178,"column":49},"end":{"line":207,"column":1}},"line":178},"10":{"name":"(anonymous_10)","decl":{"start":{"line":190,"column":33},"end":{"line":190,"column":34}},"loc":{"start":{"line":190,"column":45},"end":{"line":190,"column":61}},"line":190},"11":{"name":"(anonymous_11)","decl":{"start":{"line":194,"column":20},"end":{"line":194,"column":21}},"loc":{"start":{"line":194,"column":25},"end":{"line":200,"column":5}},"line":194}},"branchMap":{"0":{"loc":{"start":{"line":30,"column":9},"end":{"line":30,"column":49}},"type":"binary-expr","locations":[{"start":{"line":30,"column":9},"end":{"line":30,"column":16}},{"start":{"line":30,"column":20},"end":{"line":30,"column":49}}],"line":30},"1":{"loc":{"start":{"line":35,"column":2},"end":{"line":38,"column":3}},"type":"if","locations":[{"start":{"line":35,"column":2},"end":{"line":38,"column":3}},{"start":{},"end":{}}],"line":35},"2":{"loc":{"start":{"line":35,"column":6},"end":{"line":35,"column":102}},"type":"binary-expr","locations":[{"start":{"line":35,"column":6},"end":{"line":35,"column":35}},{"start":{"line":35,"column":40},"end":{"line":35,"column":66}},{"start":{"line":35,"column":70},"end":{"line":35,"column":101}}],"line":35},"3":{"loc":{"start":{"line":37,"column":11},"end":{"line":37,"column":66}},"type":"binary-expr","locations":[{"start":{"line":37,"column":11},"end":{"line":37,"column":27}},{"start":{"line":37,"column":31},"end":{"line":37,"column":41}},{"start":{"line":37,"column":45},"end":{"line":37,"column":52}},{"start":{"line":37,"column":56},"end":{"line":37,"column":66}}],"line":37},"4":{"loc":{"start":{"line":47,"column":2},"end":{"line":50,"column":3}},"type":"if","locations":[{"start":{"line":47,"column":2},"end":{"line":50,"column":3}},{"start":{},"end":{}}],"line":47},"5":{"loc":{"start":{"line":62,"column":4},"end":{"line":62,"column":72}},"type":"if","locations":[{"start":{"line":62,"column":4},"end":{"line":62,"column":72}},{"start":{},"end":{}}],"line":62},"6":{"loc":{"start":{"line":68,"column":60},"end":{"line":68,"column":67}},"type":"binary-expr","locations":[{"start":{"line":68,"column":60},"end":{"line":68,"column":62}},{"start":{"line":68,"column":66},"end":{"line":68,"column":67}}],"line":68},"7":{"loc":{"start":{"line":76,"column":13},"end":{"line":76,"column":24}},"type":"binary-expr","locations":[{"start":{"line":76,"column":13},"end":{"line":76,"column":18}},{"start":{"line":76,"column":22},"end":{"line":76,"column":24}}],"line":76},"8":{"loc":{"start":{"line":83,"column":24},"end":{"line":83,"column":45}},"type":"binary-expr","locations":[{"start":{"line":83,"column":24},"end":{"line":83,"column":40}},{"start":{"line":83,"column":44},"end":{"line":83,"column":45}}],"line":83},"9":{"loc":{"start":{"line":107,"column":6},"end":{"line":109,"column":7}},"type":"if","locations":[{"start":{"line":107,"column":6},"end":{"line":109,"column":7}},{"start":{},"end":{}}],"line":107},"10":{"loc":{"start":{"line":146,"column":4},"end":{"line":149,"column":5}},"type":"if","locations":[{"start":{"line":146,"column":4},"end":{"line":149,"column":5}},{"start":{},"end":{}}],"line":146},"11":{"loc":{"start":{"line":159,"column":4},"end":{"line":161,"column":5}},"type":"if","locations":[{"start":{"line":159,"column":4},"end":{"line":161,"column":5}},{"start":{},"end":{}}],"line":159},"12":{"loc":{"start":{"line":159,"column":8},"end":{"line":159,"column":46}},"type":"binary-expr","locations":[{"start":{"line":159,"column":8},"end":{"line":159,"column":19}},{"start":{"line":159,"column":23},"end":{"line":159,"column":32}},{"start":{"line":159,"column":36},"end":{"line":159,"column":46}}],"line":159},"13":{"loc":{"start":{"line":195,"column":6},"end":{"line":197,"column":7}},"type":"if","locations":[{"start":{"line":195,"column":6},"end":{"line":197,"column":7}},{"start":{},"end":{}}],"line":195}},"s":{"0":7,"1":7,"2":7,"3":7,"4":7,"5":7,"6":7,"7":7,"8":7,"9":7,"10":5,"11":5,"12":5,"13":5,"14":1,"15":1,"16":4,"17":7,"18":6,"19":6,"20":5,"21":5,"22":1,"23":1,"24":7,"25":1,"26":1,"27":1,"28":1,"29":0,"30":1,"31":1,"32":1,"33":1,"34":1,"35":1,"36":1,"37":1,"38":1,"39":1,"40":1,"41":1,"42":1,"43":1,"44":1,"45":1,"46":1,"47":1,"48":1,"49":1,"50":1,"51":1,"52":0,"53":0,"54":0,"55":0,"56":0,"57":0,"58":7,"59":0,"60":0,"61":0,"62":0,"63":0,"64":0,"65":0,"66":0,"67":0,"68":0,"69":7,"70":0,"71":0,"72":0,"73":0,"74":0,"75":0,"76":0,"77":0,"78":0,"79":0,"80":0,"81":0,"82":0,"83":0,"84":7},"f":{"0":5,"1":5,"2":5,"3":6,"4":1,"5":1,"6":1,"7":0,"8":0,"9":0,"10":0,"11":0},"b":{"0":[5,3],"1":[1,4],"2":[5,1,0],"3":[1,1,1,0],"4":[5,1],"5":[0,1],"6":[1,1],"7":[1,0],"8":[1,1],"9":[1,0],"10":[0,0],"11":[0,0],"12":[0,0,0],"13":[0,0]},"_coverageSchema":"1a1c01bbd47fc00a2c39e90264f33305004495a9","hash":"929d45bd4378826802ca076d94df65ed718cba25"}
,"K:\\Projects\\VirtualPromptWar2\\server\\routes\\ai.js": {"path":"K:\\Projects\\VirtualPromptWar2\\server\\routes\\ai.js","statementMap":{"0":{"start":{"line":1,"column":16},"end":{"line":1,"column":34}},"1":{"start":{"line":2,"column":13},"end":{"line":2,"column":42}},"2":{"start":{"line":3,"column":13},"end":{"line":3,"column":38}},"3":{"start":{"line":4,"column":15},"end":{"line":4,"column":42}},"4":{"start":{"line":5,"column":21},"end":{"line":5,"column":54}},"5":{"start":{"line":6,"column":75},"end":{"line":6,"column":107}},"6":{"start":{"line":7,"column":27},"end":{"line":7,"column":58}},"7":{"start":{"line":9,"column":15},"end":{"line":9,"column":31}},"8":{"start":{"line":13,"column":15},"end":{"line":13,"column":42}},"9":{"start":{"line":14,"column":2},"end":{"line":14,"column":47}},"10":{"start":{"line":14,"column":13},"end":{"line":14,"column":47}},"11":{"start":{"line":16,"column":18},"end":{"line":16,"column":28}},"12":{"start":{"line":17,"column":2},"end":{"line":17,"column":41}},"13":{"start":{"line":19,"column":24},"end":{"line":22,"column":38}},"14":{"start":{"line":25,"column":20},"end":{"line":25,"column":45}},"15":{"start":{"line":26,"column":26},"end":{"line":27,"column":57}},"16":{"start":{"line":27,"column":28},"end":{"line":27,"column":33}},"17":{"start":{"line":29,"column":2},"end":{"line":41,"column":4}},"18":{"start":{"line":33,"column":43},"end":{"line":38,"column":5}},"19":{"start":{"line":46,"column":20},"end":{"line":46,"column":30}},"20":{"start":{"line":47,"column":2},"end":{"line":69,"column":3}},"21":{"start":{"line":48,"column":21},"end":{"line":48,"column":51}},"22":{"start":{"line":49,"column":23},"end":{"line":49,"column":72}},"23":{"start":{"line":51,"column":4},"end":{"line":55,"column":7}},"24":{"start":{"line":56,"column":21},"end":{"line":56,"column":43}},"25":{"start":{"line":57,"column":4},"end":{"line":57,"column":85}},"26":{"start":{"line":59,"column":4},"end":{"line":59,"column":73}},"27":{"start":{"line":60,"column":4},"end":{"line":68,"column":5}},"28":{"start":{"line":61,"column":6},"end":{"line":65,"column":9}},"29":{"start":{"line":67,"column":6},"end":{"line":67,"column":81}},"30":{"start":{"line":73,"column":0},"end":{"line":108,"column":3}},"31":{"start":{"line":74,"column":2},"end":{"line":107,"column":3}},"32":{"start":{"line":75,"column":17},"end":{"line":75,"column":48}},"33":{"start":{"line":76,"column":4},"end":{"line":76,"column":72}},"34":{"start":{"line":76,"column":15},"end":{"line":76,"column":72}},"35":{"start":{"line":79,"column":16},"end":{"line":79,"column":26}},"36":{"start":{"line":80,"column":22},"end":{"line":80,"column":41}},"37":{"start":{"line":83,"column":4},"end":{"line":89,"column":5}},"38":{"start":{"line":84,"column":6},"end":{"line":88,"column":9}},"39":{"start":{"line":91,"column":21},"end":{"line":91,"column":55}},"40":{"start":{"line":92,"column":20},"end":{"line":92,"column":57}},"41":{"start":{"line":95,"column":4},"end":{"line":100,"column":6}},"42":{"start":{"line":101,"column":4},"end":{"line":101,"column":22}},"43":{"start":{"line":103,"column":4},"end":{"line":103,"column":22}},"44":{"start":{"line":105,"column":4},"end":{"line":105,"column":50}},"45":{"start":{"line":106,"column":4},"end":{"line":106,"column":66}},"46":{"start":{"line":111,"column":0},"end":{"line":128,"column":3}},"47":{"start":{"line":112,"column":2},"end":{"line":127,"column":3}},"48":{"start":{"line":113,"column":24},"end":{"line":113,"column":32}},"49":{"start":{"line":114,"column":4},"end":{"line":116,"column":5}},"50":{"start":{"line":115,"column":6},"end":{"line":115,"column":99}},"51":{"start":{"line":117,"column":4},"end":{"line":119,"column":5}},"52":{"start":{"line":118,"column":6},"end":{"line":118,"column":86}},"53":{"start":{"line":121,"column":21},"end":{"line":121,"column":55}},"54":{"start":{"line":122,"column":19},"end":{"line":122,"column":61}},"55":{"start":{"line":123,"column":4},"end":{"line":123,"column":21}},"56":{"start":{"line":125,"column":4},"end":{"line":125,"column":43}},"57":{"start":{"line":126,"column":4},"end":{"line":126,"column":70}},"58":{"start":{"line":131,"column":0},"end":{"line":185,"column":3}},"59":{"start":{"line":132,"column":2},"end":{"line":184,"column":3}},"60":{"start":{"line":133,"column":17},"end":{"line":133,"column":48}},"61":{"start":{"line":134,"column":4},"end":{"line":134,"column":72}},"62":{"start":{"line":134,"column":15},"end":{"line":134,"column":72}},"63":{"start":{"line":137,"column":16},"end":{"line":137,"column":26}},"64":{"start":{"line":138,"column":22},"end":{"line":138,"column":41}},"65":{"start":{"line":141,"column":27},"end":{"line":144,"column":6}},"66":{"start":{"line":146,"column":4},"end":{"line":148,"column":5}},"67":{"start":{"line":147,"column":6},"end":{"line":147,"column":38}},"68":{"start":{"line":151,"column":24},"end":{"line":154,"column":6}},"69":{"start":{"line":156,"column":23},"end":{"line":156,"column":74}},"70":{"start":{"line":156,"column":54},"end":{"line":156,"column":70}},"71":{"start":{"line":157,"column":27},"end":{"line":157,"column":29}},"72":{"start":{"line":158,"column":4},"end":{"line":160,"column":7}},"73":{"start":{"line":159,"column":6},"end":{"line":159,"column":82}},"74":{"start":{"line":163,"column":19},"end":{"line":172,"column":6}},"75":{"start":{"line":173,"column":4},"end":{"line":173,"column":24}},"76":{"start":{"line":176,"column":4},"end":{"line":178,"column":7}},"77":{"start":{"line":177,"column":6},"end":{"line":177,"column":81}},"78":{"start":{"line":180,"column":4},"end":{"line":180,"column":33}},"79":{"start":{"line":182,"column":4},"end":{"line":182,"column":49}},"80":{"start":{"line":183,"column":4},"end":{"line":183,"column":65}},"81":{"start":{"line":188,"column":0},"end":{"line":198,"column":3}},"82":{"start":{"line":189,"column":2},"end":{"line":197,"column":3}},"83":{"start":{"line":190,"column":20},"end":{"line":192,"column":16}},"84":{"start":{"line":193,"column":4},"end":{"line":193,"column":22}},"85":{"start":{"line":195,"column":4},"end":{"line":195,"column":47}},"86":{"start":{"line":196,"column":4},"end":{"line":196,"column":52}},"87":{"start":{"line":200,"column":0},"end":{"line":200,"column":24}}},"fnMap":{"0":{"name":"getUserDataForAI","decl":{"start":{"line":12,"column":15},"end":{"line":12,"column":31}},"loc":{"start":{"line":12,"column":40},"end":{"line":42,"column":1}},"line":12},"1":{"name":"(anonymous_1)","decl":{"start":{"line":27,"column":10},"end":{"line":27,"column":11}},"loc":{"start":{"line":27,"column":28},"end":{"line":27,"column":33}},"line":27},"2":{"name":"(anonymous_2)","decl":{"start":{"line":33,"column":37},"end":{"line":33,"column":38}},"loc":{"start":{"line":33,"column":43},"end":{"line":38,"column":5}},"line":33},"3":{"name":"compileReportInBackground","decl":{"start":{"line":45,"column":15},"end":{"line":45,"column":40}},"loc":{"start":{"line":45,"column":84},"end":{"line":70,"column":1}},"line":45},"4":{"name":"(anonymous_4)","decl":{"start":{"line":73,"column":37},"end":{"line":73,"column":38}},"loc":{"start":{"line":73,"column":57},"end":{"line":108,"column":1}},"line":73},"5":{"name":"(anonymous_5)","decl":{"start":{"line":111,"column":27},"end":{"line":111,"column":28}},"loc":{"start":{"line":111,"column":47},"end":{"line":128,"column":1}},"line":111},"6":{"name":"(anonymous_6)","decl":{"start":{"line":131,"column":36},"end":{"line":131,"column":37}},"loc":{"start":{"line":131,"column":56},"end":{"line":185,"column":1}},"line":131},"7":{"name":"(anonymous_7)","decl":{"start":{"line":156,"column":42},"end":{"line":156,"column":43}},"loc":{"start":{"line":156,"column":54},"end":{"line":156,"column":70}},"line":156},"8":{"name":"(anonymous_8)","decl":{"start":{"line":158,"column":24},"end":{"line":158,"column":25}},"loc":{"start":{"line":158,"column":29},"end":{"line":160,"column":5}},"line":158},"9":{"name":"(anonymous_9)","decl":{"start":{"line":176,"column":17},"end":{"line":176,"column":18}},"loc":{"start":{"line":176,"column":23},"end":{"line":178,"column":5}},"line":176},"10":{"name":"(anonymous_10)","decl":{"start":{"line":188,"column":29},"end":{"line":188,"column":30}},"loc":{"start":{"line":188,"column":49},"end":{"line":198,"column":1}},"line":188}},"branchMap":{"0":{"loc":{"start":{"line":14,"column":2},"end":{"line":14,"column":47}},"type":"if","locations":[{"start":{"line":14,"column":2},"end":{"line":14,"column":47}},{"start":{},"end":{}}],"line":14},"1":{"loc":{"start":{"line":25,"column":20},"end":{"line":25,"column":45}},"type":"binary-expr","locations":[{"start":{"line":25,"column":20},"end":{"line":25,"column":39}},{"start":{"line":25,"column":43},"end":{"line":25,"column":45}}],"line":25},"2":{"loc":{"start":{"line":26,"column":26},"end":{"line":27,"column":57}},"type":"binary-expr","locations":[{"start":{"line":26,"column":26},"end":{"line":27,"column":42}},{"start":{"line":27,"column":46},"end":{"line":27,"column":57}}],"line":26},"3":{"loc":{"start":{"line":52,"column":15},"end":{"line":52,"column":86}},"type":"binary-expr","locations":[{"start":{"line":52,"column":15},"end":{"line":52,"column":33}},{"start":{"line":52,"column":37},"end":{"line":52,"column":86}}],"line":52},"4":{"loc":{"start":{"line":53,"column":15},"end":{"line":53,"column":39}},"type":"binary-expr","locations":[{"start":{"line":53,"column":15},"end":{"line":53,"column":33}},{"start":{"line":53,"column":37},"end":{"line":53,"column":39}}],"line":53},"5":{"loc":{"start":{"line":54,"column":12},"end":{"line":54,"column":33}},"type":"binary-expr","locations":[{"start":{"line":54,"column":12},"end":{"line":54,"column":27}},{"start":{"line":54,"column":31},"end":{"line":54,"column":33}}],"line":54},"6":{"loc":{"start":{"line":76,"column":4},"end":{"line":76,"column":72}},"type":"if","locations":[{"start":{"line":76,"column":4},"end":{"line":76,"column":72}},{"start":{},"end":{}}],"line":76},"7":{"loc":{"start":{"line":83,"column":4},"end":{"line":89,"column":5}},"type":"if","locations":[{"start":{"line":83,"column":4},"end":{"line":89,"column":5}},{"start":{},"end":{}}],"line":83},"8":{"loc":{"start":{"line":83,"column":8},"end":{"line":83,"column":107}},"type":"binary-expr","locations":[{"start":{"line":83,"column":8},"end":{"line":83,"column":26}},{"start":{"line":83,"column":30},"end":{"line":83,"column":60}},{"start":{"line":83,"column":64},"end":{"line":83,"column":107}}],"line":83},"9":{"loc":{"start":{"line":97,"column":15},"end":{"line":97,"column":36}},"type":"binary-expr","locations":[{"start":{"line":97,"column":15},"end":{"line":97,"column":30}},{"start":{"line":97,"column":34},"end":{"line":97,"column":36}}],"line":97},"10":{"loc":{"start":{"line":114,"column":4},"end":{"line":116,"column":5}},"type":"if","locations":[{"start":{"line":114,"column":4},"end":{"line":116,"column":5}},{"start":{},"end":{}}],"line":114},"11":{"loc":{"start":{"line":114,"column":8},"end":{"line":114,"column":78}},"type":"binary-expr","locations":[{"start":{"line":114,"column":8},"end":{"line":114,"column":16}},{"start":{"line":114,"column":20},"end":{"line":114,"column":47}},{"start":{"line":114,"column":51},"end":{"line":114,"column":78}}],"line":114},"12":{"loc":{"start":{"line":117,"column":4},"end":{"line":119,"column":5}},"type":"if","locations":[{"start":{"line":117,"column":4},"end":{"line":119,"column":5}},{"start":{},"end":{}}],"line":117},"13":{"loc":{"start":{"line":134,"column":4},"end":{"line":134,"column":72}},"type":"if","locations":[{"start":{"line":134,"column":4},"end":{"line":134,"column":72}},{"start":{},"end":{}}],"line":134},"14":{"loc":{"start":{"line":146,"column":4},"end":{"line":148,"column":5}},"type":"if","locations":[{"start":{"line":146,"column":4},"end":{"line":148,"column":5}},{"start":{},"end":{}}],"line":146},"15":{"loc":{"start":{"line":159,"column":36},"end":{"line":159,"column":67}},"type":"binary-expr","locations":[{"start":{"line":159,"column":36},"end":{"line":159,"column":62}},{"start":{"line":159,"column":66},"end":{"line":159,"column":67}}],"line":159}},"s":{"0":7,"1":7,"2":7,"3":7,"4":7,"5":7,"6":7,"7":7,"8":2,"9":2,"10":0,"11":2,"12":2,"13":2,"14":2,"15":2,"16":16,"17":2,"18":0,"19":0,"20":0,"21":0,"22":0,"23":0,"24":0,"25":0,"26":0,"27":0,"28":0,"29":0,"30":7,"31":1,"32":1,"33":1,"34":0,"35":1,"36":1,"37":1,"38":0,"39":1,"40":1,"41":1,"42":1,"43":1,"44":0,"45":0,"46":7,"47":3,"48":3,"49":3,"50":1,"51":2,"52":1,"53":1,"54":1,"55":1,"56":0,"57":0,"58":7,"59":0,"60":0,"61":0,"62":0,"63":0,"64":0,"65":0,"66":0,"67":0,"68":0,"69":0,"70":0,"71":0,"72":0,"73":0,"74":0,"75":0,"76":0,"77":0,"78":0,"79":0,"80":0,"81":7,"82":0,"83":0,"84":0,"85":0,"86":0,"87":7},"f":{"0":2,"1":16,"2":0,"3":0,"4":1,"5":3,"6":0,"7":0,"8":0,"9":0,"10":0},"b":{"0":[0,2],"1":[2,0],"2":[2,0],"3":[0,0],"4":[0,0],"5":[0,0],"6":[0,1],"7":[0,1],"8":[1,1,0],"9":[1,0],"10":[1,2],"11":[3,2,2],"12":[1,1],"13":[0,0],"14":[0,0],"15":[0,0]},"_coverageSchema":"1a1c01bbd47fc00a2c39e90264f33305004495a9","hash":"becafe18d13abd4275fc41674f28e8da2c7df18f"}
,"K:\\Projects\\VirtualPromptWar2\\server\\routes\\auth.js": {"path":"K:\\Projects\\VirtualPromptWar2\\server\\routes\\auth.js","statementMap":{"0":{"start":{"line":1,"column":16},"end":{"line":1,"column":34}},"1":{"start":{"line":2,"column":12},"end":{"line":2,"column":35}},"2":{"start":{"line":3,"column":15},"end":{"line":3,"column":32}},"3":{"start":{"line":4,"column":18},"end":{"line":4,"column":47}},"4":{"start":{"line":5,"column":14},"end":{"line":5,"column":28}},"5":{"start":{"line":6,"column":13},"end":{"line":6,"column":38}},"6":{"start":{"line":7,"column":25},"end":{"line":7,"column":62}},"7":{"start":{"line":8,"column":25},"end":{"line":8,"column":57}},"8":{"start":{"line":9,"column":37},"end":{"line":9,"column":68}},"9":{"start":{"line":11,"column":15},"end":{"line":11,"column":31}},"10":{"start":{"line":14,"column":21},"end":{"line":21,"column":2}},"11":{"start":{"line":24,"column":24},"end":{"line":30,"column":2}},"12":{"start":{"line":33,"column":23},"end":{"line":46,"column":2}},"13":{"start":{"line":48,"column":20},"end":{"line":52,"column":2}},"14":{"start":{"line":54,"column":30},"end":{"line":62,"column":1}},"15":{"start":{"line":55,"column":17},"end":{"line":55,"column":51}},"16":{"start":{"line":56,"column":2},"end":{"line":59,"column":3}},"17":{"start":{"line":57,"column":21},"end":{"line":57,"column":51}},"18":{"start":{"line":58,"column":4},"end":{"line":58,"column":53}},"19":{"start":{"line":60,"column":2},"end":{"line":60,"column":25}},"20":{"start":{"line":61,"column":2},"end":{"line":61,"column":9}},"21":{"start":{"line":64,"column":27},"end":{"line":72,"column":1}},"22":{"start":{"line":65,"column":17},"end":{"line":65,"column":48}},"23":{"start":{"line":66,"column":2},"end":{"line":69,"column":3}},"24":{"start":{"line":67,"column":21},"end":{"line":67,"column":51}},"25":{"start":{"line":68,"column":4},"end":{"line":68,"column":53}},"26":{"start":{"line":70,"column":2},"end":{"line":70,"column":25}},"27":{"start":{"line":71,"column":2},"end":{"line":71,"column":9}},"28":{"start":{"line":75,"column":0},"end":{"line":132,"column":3}},"29":{"start":{"line":76,"column":2},"end":{"line":131,"column":3}},"30":{"start":{"line":77,"column":53},"end":{"line":77,"column":61}},"31":{"start":{"line":79,"column":25},"end":{"line":79,"column":54}},"32":{"start":{"line":80,"column":4},"end":{"line":82,"column":5}},"33":{"start":{"line":81,"column":6},"end":{"line":81,"column":90}},"34":{"start":{"line":84,"column":17},"end":{"line":90,"column":6}},"35":{"start":{"line":91,"column":4},"end":{"line":91,"column":22}},"36":{"start":{"line":93,"column":18},"end":{"line":97,"column":5}},"37":{"start":{"line":99,"column":22},"end":{"line":99,"column":60}},"38":{"start":{"line":102,"column":4},"end":{"line":107,"column":7}},"39":{"start":{"line":110,"column":4},"end":{"line":115,"column":7}},"40":{"start":{"line":117,"column":4},"end":{"line":127,"column":7}},"41":{"start":{"line":129,"column":4},"end":{"line":129,"column":44}},"42":{"start":{"line":130,"column":4},"end":{"line":130,"column":72}},"43":{"start":{"line":135,"column":0},"end":{"line":193,"column":3}},"44":{"start":{"line":136,"column":2},"end":{"line":192,"column":3}},"45":{"start":{"line":137,"column":32},"end":{"line":137,"column":40}},"46":{"start":{"line":139,"column":17},"end":{"line":139,"column":94}},"47":{"start":{"line":140,"column":4},"end":{"line":142,"column":5}},"48":{"start":{"line":141,"column":6},"end":{"line":141,"column":74}},"49":{"start":{"line":144,"column":20},"end":{"line":144,"column":56}},"50":{"start":{"line":145,"column":4},"end":{"line":147,"column":5}},"51":{"start":{"line":146,"column":6},"end":{"line":146,"column":74}},"52":{"start":{"line":150,"column":4},"end":{"line":150,"column":41}},"53":{"start":{"line":152,"column":18},"end":{"line":156,"column":5}},"54":{"start":{"line":158,"column":22},"end":{"line":158,"column":60}},"55":{"start":{"line":161,"column":4},"end":{"line":166,"column":7}},"56":{"start":{"line":169,"column":4},"end":{"line":174,"column":7}},"57":{"start":{"line":176,"column":4},"end":{"line":188,"column":7}},"58":{"start":{"line":190,"column":4},"end":{"line":190,"column":41}},"59":{"start":{"line":191,"column":4},"end":{"line":191,"column":65}},"60":{"start":{"line":196,"column":0},"end":{"line":239,"column":3}},"61":{"start":{"line":197,"column":2},"end":{"line":238,"column":3}},"62":{"start":{"line":198,"column":16},"end":{"line":198,"column":20}},"63":{"start":{"line":201,"column":4},"end":{"line":204,"column":5}},"64":{"start":{"line":202,"column":22},"end":{"line":202,"column":54}},"65":{"start":{"line":203,"column":6},"end":{"line":203,"column":32}},"66":{"start":{"line":207,"column":4},"end":{"line":212,"column":5}},"67":{"start":{"line":208,"column":25},"end":{"line":208,"column":52}},"68":{"start":{"line":209,"column":6},"end":{"line":211,"column":7}},"69":{"start":{"line":210,"column":8},"end":{"line":210,"column":50}},"70":{"start":{"line":215,"column":4},"end":{"line":222,"column":5}},"71":{"start":{"line":217,"column":6},"end":{"line":221,"column":8}},"72":{"start":{"line":224,"column":4},"end":{"line":228,"column":7}},"73":{"start":{"line":229,"column":4},"end":{"line":233,"column":7}},"74":{"start":{"line":234,"column":4},"end":{"line":234,"column":53}},"75":{"start":{"line":236,"column":4},"end":{"line":236,"column":42}},"76":{"start":{"line":237,"column":4},"end":{"line":237,"column":66}},"77":{"start":{"line":241,"column":0},"end":{"line":241,"column":24}}},"fnMap":{"0":{"name":"(anonymous_0)","decl":{"start":{"line":54,"column":30},"end":{"line":54,"column":31}},"loc":{"start":{"line":54,"column":50},"end":{"line":62,"column":1}},"line":54},"1":{"name":"(anonymous_1)","decl":{"start":{"line":64,"column":27},"end":{"line":64,"column":28}},"loc":{"start":{"line":64,"column":47},"end":{"line":72,"column":1}},"line":64},"2":{"name":"(anonymous_2)","decl":{"start":{"line":75,"column":65},"end":{"line":75,"column":66}},"loc":{"start":{"line":75,"column":85},"end":{"line":132,"column":1}},"line":75},"3":{"name":"(anonymous_3)","decl":{"start":{"line":135,"column":56},"end":{"line":135,"column":57}},"loc":{"start":{"line":135,"column":76},"end":{"line":193,"column":1}},"line":135},"4":{"name":"(anonymous_4)","decl":{"start":{"line":196,"column":23},"end":{"line":196,"column":24}},"loc":{"start":{"line":196,"column":43},"end":{"line":239,"column":1}},"line":196}},"branchMap":{"0":{"loc":{"start":{"line":56,"column":2},"end":{"line":59,"column":3}},"type":"if","locations":[{"start":{"line":56,"column":2},"end":{"line":59,"column":3}},{"start":{},"end":{}}],"line":56},"1":{"loc":{"start":{"line":66,"column":2},"end":{"line":69,"column":3}},"type":"if","locations":[{"start":{"line":66,"column":2},"end":{"line":69,"column":3}},{"start":{},"end":{}}],"line":66},"2":{"loc":{"start":{"line":80,"column":4},"end":{"line":82,"column":5}},"type":"if","locations":[{"start":{"line":80,"column":4},"end":{"line":82,"column":5}},{"start":{},"end":{}}],"line":80},"3":{"loc":{"start":{"line":88,"column":13},"end":{"line":88,"column":23}},"type":"binary-expr","locations":[{"start":{"line":88,"column":13},"end":{"line":88,"column":17}},{"start":{"line":88,"column":21},"end":{"line":88,"column":23}}],"line":88},"4":{"loc":{"start":{"line":89,"column":16},"end":{"line":89,"column":29}},"type":"binary-expr","locations":[{"start":{"line":89,"column":16},"end":{"line":89,"column":23}},{"start":{"line":89,"column":27},"end":{"line":89,"column":29}}],"line":89},"5":{"loc":{"start":{"line":105,"column":16},"end":{"line":105,"column":73}},"type":"cond-expr","locations":[{"start":{"line":105,"column":56},"end":{"line":105,"column":62}},{"start":{"line":105,"column":65},"end":{"line":105,"column":73}}],"line":105},"6":{"loc":{"start":{"line":113,"column":16},"end":{"line":113,"column":73}},"type":"cond-expr","locations":[{"start":{"line":113,"column":56},"end":{"line":113,"column":62}},{"start":{"line":113,"column":65},"end":{"line":113,"column":73}}],"line":113},"7":{"loc":{"start":{"line":140,"column":4},"end":{"line":142,"column":5}},"type":"if","locations":[{"start":{"line":140,"column":4},"end":{"line":142,"column":5}},{"start":{},"end":{}}],"line":140},"8":{"loc":{"start":{"line":145,"column":4},"end":{"line":147,"column":5}},"type":"if","locations":[{"start":{"line":145,"column":4},"end":{"line":147,"column":5}},{"start":{},"end":{}}],"line":145},"9":{"loc":{"start":{"line":164,"column":16},"end":{"line":164,"column":73}},"type":"cond-expr","locations":[{"start":{"line":164,"column":56},"end":{"line":164,"column":62}},{"start":{"line":164,"column":65},"end":{"line":164,"column":73}}],"line":164},"10":{"loc":{"start":{"line":172,"column":16},"end":{"line":172,"column":73}},"type":"cond-expr","locations":[{"start":{"line":172,"column":56},"end":{"line":172,"column":62}},{"start":{"line":172,"column":65},"end":{"line":172,"column":73}}],"line":172},"11":{"loc":{"start":{"line":201,"column":4},"end":{"line":204,"column":5}},"type":"if","locations":[{"start":{"line":201,"column":4},"end":{"line":204,"column":5}},{"start":{},"end":{}}],"line":201},"12":{"loc":{"start":{"line":207,"column":4},"end":{"line":212,"column":5}},"type":"if","locations":[{"start":{"line":207,"column":4},"end":{"line":212,"column":5}},{"start":{},"end":{}}],"line":207},"13":{"loc":{"start":{"line":209,"column":6},"end":{"line":211,"column":7}},"type":"if","locations":[{"start":{"line":209,"column":6},"end":{"line":211,"column":7}},{"start":{},"end":{}}],"line":209},"14":{"loc":{"start":{"line":215,"column":4},"end":{"line":222,"column":5}},"type":"if","locations":[{"start":{"line":215,"column":4},"end":{"line":222,"column":5}},{"start":{},"end":{}}],"line":215},"15":{"loc":{"start":{"line":227,"column":16},"end":{"line":227,"column":73}},"type":"cond-expr","locations":[{"start":{"line":227,"column":56},"end":{"line":227,"column":62}},{"start":{"line":227,"column":65},"end":{"line":227,"column":73}}],"line":227},"16":{"loc":{"start":{"line":232,"column":16},"end":{"line":232,"column":73}},"type":"cond-expr","locations":[{"start":{"line":232,"column":56},"end":{"line":232,"column":62}},{"start":{"line":232,"column":65},"end":{"line":232,"column":73}}],"line":232}},"s":{"0":7,"1":7,"2":7,"3":7,"4":7,"5":7,"6":7,"7":7,"8":7,"9":7,"10":7,"11":7,"12":7,"13":7,"14":7,"15":11,"16":11,"17":2,"18":2,"19":9,"20":9,"21":7,"22":4,"23":4,"24":1,"25":1,"26":3,"27":3,"28":7,"29":9,"30":9,"31":9,"32":9,"33":1,"34":8,"35":8,"36":8,"37":8,"38":8,"39":8,"40":8,"41":0,"42":0,"43":7,"44":3,"45":3,"46":3,"47":3,"48":1,"49":2,"50":2,"51":1,"52":1,"53":1,"54":1,"55":1,"56":1,"57":1,"58":0,"59":0,"60":7,"61":2,"62":2,"63":2,"64":2,"65":2,"66":2,"67":0,"68":0,"69":0,"70":2,"71":2,"72":2,"73":2,"74":2,"75":0,"76":0,"77":7},"f":{"0":11,"1":4,"2":9,"3":3,"4":2},"b":{"0":[2,9],"1":[1,3],"2":[1,8],"3":[8,7],"4":[8,7],"5":[0,8],"6":[0,8],"7":[1,2],"8":[1,1],"9":[0,1],"10":[0,1],"11":[2,0],"12":[0,2],"13":[0,0],"14":[2,0],"15":[0,2],"16":[0,2]},"_coverageSchema":"1a1c01bbd47fc00a2c39e90264f33305004495a9","hash":"72e56687063e9e5b7040371b055b620b3b4117ca"}
,"K:\\Projects\\VirtualPromptWar2\\server\\routes\\community.js": {"path":"K:\\Projects\\VirtualPromptWar2\\server\\routes\\community.js","statementMap":{"0":{"start":{"line":1,"column":16},"end":{"line":1,"column":34}},"1":{"start":{"line":2,"column":13},"end":{"line":2,"column":42}},"2":{"start":{"line":3,"column":13},"end":{"line":3,"column":38}},"3":{"start":{"line":4,"column":15},"end":{"line":4,"column":42}},"4":{"start":{"line":6,"column":15},"end":{"line":6,"column":31}},"5":{"start":{"line":9,"column":18},"end":{"line":9,"column":31}},"6":{"start":{"line":10,"column":14},"end":{"line":15,"column":1}},"7":{"start":{"line":18,"column":0},"end":{"line":88,"column":3}},"8":{"start":{"line":19,"column":2},"end":{"line":87,"column":3}},"9":{"start":{"line":20,"column":16},"end":{"line":20,"column":26}},"10":{"start":{"line":21,"column":4},"end":{"line":23,"column":5}},"11":{"start":{"line":22,"column":6},"end":{"line":22,"column":35}},"12":{"start":{"line":25,"column":24},"end":{"line":36,"column":6}},"13":{"start":{"line":38,"column":4},"end":{"line":46,"column":5}},"14":{"start":{"line":39,"column":6},"end":{"line":45,"column":9}},"15":{"start":{"line":48,"column":70},"end":{"line":48,"column":84}},"16":{"start":{"line":49,"column":29},"end":{"line":49,"column":64}},"17":{"start":{"line":52,"column":26},"end":{"line":52,"column":64}},"18":{"start":{"line":55,"column":27},"end":{"line":55,"column":53}},"19":{"start":{"line":59,"column":23},"end":{"line":59,"column":101}},"20":{"start":{"line":61,"column":18},"end":{"line":65,"column":13}},"21":{"start":{"line":67,"column":28},"end":{"line":78,"column":5}},"22":{"start":{"line":73,"column":29},"end":{"line":77,"column":7}},"23":{"start":{"line":80,"column":4},"end":{"line":80,"column":34}},"24":{"start":{"line":81,"column":4},"end":{"line":81,"column":40}},"25":{"start":{"line":83,"column":4},"end":{"line":83,"column":30}},"26":{"start":{"line":85,"column":4},"end":{"line":85,"column":51}},"27":{"start":{"line":86,"column":4},"end":{"line":86,"column":52}},"28":{"start":{"line":91,"column":0},"end":{"line":154,"column":3}},"29":{"start":{"line":92,"column":2},"end":{"line":153,"column":3}},"30":{"start":{"line":93,"column":16},"end":{"line":93,"column":26}},"31":{"start":{"line":94,"column":26},"end":{"line":94,"column":30}},"32":{"start":{"line":96,"column":4},"end":{"line":133,"column":5}},"33":{"start":{"line":97,"column":6},"end":{"line":97,"column":42}},"34":{"start":{"line":100,"column":26},"end":{"line":103,"column":55}},"35":{"start":{"line":106,"column":25},"end":{"line":109,"column":55}},"36":{"start":{"line":111,"column":25},"end":{"line":111,"column":80}},"37":{"start":{"line":113,"column":6},"end":{"line":129,"column":8}},"38":{"start":{"line":114,"column":43},"end":{"line":120,"column":9}},"39":{"start":{"line":121,"column":41},"end":{"line":127,"column":9}},"40":{"start":{"line":131,"column":6},"end":{"line":131,"column":42}},"41":{"start":{"line":132,"column":6},"end":{"line":132,"column":48}},"42":{"start":{"line":136,"column":24},"end":{"line":136,"column":55}},"43":{"start":{"line":137,"column":19},"end":{"line":137,"column":20}},"44":{"start":{"line":139,"column":4},"end":{"line":144,"column":5}},"45":{"start":{"line":140,"column":6},"end":{"line":143,"column":13}},"46":{"start":{"line":146,"column":4},"end":{"line":149,"column":7}},"47":{"start":{"line":151,"column":4},"end":{"line":151,"column":47}},"48":{"start":{"line":152,"column":4},"end":{"line":152,"column":52}},"49":{"start":{"line":156,"column":0},"end":{"line":156,"column":24}}},"fnMap":{"0":{"name":"(anonymous_0)","decl":{"start":{"line":18,"column":27},"end":{"line":18,"column":28}},"loc":{"start":{"line":18,"column":47},"end":{"line":88,"column":1}},"line":18},"1":{"name":"(anonymous_1)","decl":{"start":{"line":73,"column":23},"end":{"line":73,"column":24}},"loc":{"start":{"line":73,"column":29},"end":{"line":77,"column":7}},"line":73},"2":{"name":"(anonymous_2)","decl":{"start":{"line":91,"column":33},"end":{"line":91,"column":34}},"loc":{"start":{"line":91,"column":53},"end":{"line":154,"column":1}},"line":91},"3":{"name":"(anonymous_3)","decl":{"start":{"line":114,"column":37},"end":{"line":114,"column":38}},"loc":{"start":{"line":114,"column":43},"end":{"line":120,"column":9}},"line":114},"4":{"name":"(anonymous_4)","decl":{"start":{"line":121,"column":35},"end":{"line":121,"column":36}},"loc":{"start":{"line":121,"column":41},"end":{"line":127,"column":9}},"line":121}},"branchMap":{"0":{"loc":{"start":{"line":21,"column":4},"end":{"line":23,"column":5}},"type":"if","locations":[{"start":{"line":21,"column":4},"end":{"line":23,"column":5}},{"start":{},"end":{}}],"line":21},"1":{"loc":{"start":{"line":21,"column":8},"end":{"line":21,"column":46}},"type":"binary-expr","locations":[{"start":{"line":21,"column":8},"end":{"line":21,"column":19}},{"start":{"line":21,"column":23},"end":{"line":21,"column":46}}],"line":21},"2":{"loc":{"start":{"line":38,"column":4},"end":{"line":46,"column":5}},"type":"if","locations":[{"start":{"line":38,"column":4},"end":{"line":46,"column":5}},{"start":{},"end":{}}],"line":38},"3":{"loc":{"start":{"line":96,"column":4},"end":{"line":133,"column":5}},"type":"if","locations":[{"start":{"line":96,"column":4},"end":{"line":133,"column":5}},{"start":{"line":98,"column":11},"end":{"line":133,"column":5}}],"line":96},"4":{"loc":{"start":{"line":96,"column":8},"end":{"line":96,"column":58}},"type":"binary-expr","locations":[{"start":{"line":96,"column":8},"end":{"line":96,"column":25}},{"start":{"line":96,"column":29},"end":{"line":96,"column":58}}],"line":96},"5":{"loc":{"start":{"line":118,"column":23},"end":{"line":118,"column":41}},"type":"binary-expr","locations":[{"start":{"line":118,"column":23},"end":{"line":118,"column":36}},{"start":{"line":118,"column":40},"end":{"line":118,"column":41}}],"line":118},"6":{"loc":{"start":{"line":125,"column":23},"end":{"line":125,"column":41}},"type":"binary-expr","locations":[{"start":{"line":125,"column":23},"end":{"line":125,"column":36}},{"start":{"line":125,"column":40},"end":{"line":125,"column":41}}],"line":125},"7":{"loc":{"start":{"line":139,"column":4},"end":{"line":144,"column":5}},"type":"if","locations":[{"start":{"line":139,"column":4},"end":{"line":144,"column":5}},{"start":{},"end":{}}],"line":139},"8":{"loc":{"start":{"line":139,"column":8},"end":{"line":139,"column":53}},"type":"binary-expr","locations":[{"start":{"line":139,"column":8},"end":{"line":139,"column":19}},{"start":{"line":139,"column":23},"end":{"line":139,"column":53}}],"line":139},"9":{"loc":{"start":{"line":142,"column":28},"end":{"line":142,"column":56}},"type":"binary-expr","locations":[{"start":{"line":142,"column":28},"end":{"line":142,"column":51}},{"start":{"line":142,"column":55},"end":{"line":142,"column":56}}],"line":142}},"s":{"0":7,"1":7,"2":7,"3":7,"4":7,"5":7,"6":7,"7":7,"8":1,"9":1,"10":1,"11":0,"12":1,"13":1,"14":0,"15":1,"16":1,"17":1,"18":1,"19":1,"20":1,"21":1,"22":1,"23":1,"24":1,"25":1,"26":0,"27":0,"28":7,"29":1,"30":1,"31":1,"32":1,"33":0,"34":1,"35":1,"36":1,"37":1,"38":1,"39":1,"40":1,"41":1,"42":1,"43":1,"44":1,"45":1,"46":1,"47":0,"48":0,"49":7},"f":{"0":1,"1":1,"2":1,"3":1,"4":1},"b":{"0":[0,1],"1":[1,0],"2":[0,1],"3":[0,1],"4":[1,0],"5":[1,1],"6":[1,1],"7":[1,0],"8":[1,1],"9":[1,1]},"_coverageSchema":"1a1c01bbd47fc00a2c39e90264f33305004495a9","hash":"68bb05bc35659178186924d8957c25bee80406fb"}
[...]
:2},"end":{"line":97,"column":3}},{"start":{},"end":{}}],"line":93},"6":{"loc":{"start":{"line":110,"column":2},"end":{"line":110,"column":129}},"type":"binary-expr","locations":[{"start":{"line":110,"column":2},"end":{"line":110,"column":99}},{"start":{"line":110,"column":103},"end":{"line":110,"column":129}}],"line":110},"7":{"loc":{"start":{"line":110,"column":43},"end":{"line":110,"column":68}},"type":"cond-expr","locations":[{"start":{"line":110,"column":60},"end":{"line":110,"column":63}},{"start":{"line":110,"column":66},"end":{"line":110,"column":68}}],"line":110},"8":{"loc":{"start":{"line":140,"column":34},"end":{"line":140,"column":65}},"type":"binary-expr","locations":[{"start":{"line":140,"column":34},"end":{"line":140,"column":60}},{"start":{"line":140,"column":64},"end":{"line":140,"column":65}}],"line":140},"9":{"loc":{"start":{"line":143,"column":2},"end":{"line":152,"column":3}},"type":"if","locations":[{"start":{"line":143,"column":2},"end":{"line":152,"column":3}},{"start":{},"end":{}}],"line":143},"10":{"loc":{"start":{"line":145,"column":90},"end":{"line":145,"column":115}},"type":"cond-expr","locations":[{"start":{"line":145,"column":107},"end":{"line":145,"column":110}},{"start":{"line":145,"column":113},"end":{"line":145,"column":115}}],"line":145},"11":{"loc":{"start":{"line":146,"column":47},"end":{"line":146,"column":126}},"type":"binary-expr","locations":[{"start":{"line":146,"column":47},"end":{"line":146,"column":113}},{"start":{"line":146,"column":117},"end":{"line":146,"column":126}}],"line":146},"12":{"loc":{"start":{"line":169,"column":20},"end":{"line":169,"column":45}},"type":"cond-expr","locations":[{"start":{"line":169,"column":37},"end":{"line":169,"column":40}},{"start":{"line":169,"column":43},"end":{"line":169,"column":45}}],"line":169},"13":{"loc":{"start":{"line":185,"column":15},"end":{"line":185,"column":82}},"type":"binary-expr","locations":[{"start":{"line":185,"column":15},"end":{"line":185,"column":29}},{"start":{"line":185,"column":33},"end":{"line":185,"column":82}}],"line":185},"14":{"loc":{"start":{"line":186,"column":15},"end":{"line":186,"column":35}},"type":"binary-expr","locations":[{"start":{"line":186,"column":15},"end":{"line":186,"column":29}},{"start":{"line":186,"column":33},"end":{"line":186,"column":35}}],"line":186},"15":{"loc":{"start":{"line":187,"column":12},"end":{"line":187,"column":29}},"type":"binary-expr","locations":[{"start":{"line":187,"column":12},"end":{"line":187,"column":23}},{"start":{"line":187,"column":27},"end":{"line":187,"column":29}}],"line":187},"16":{"loc":{"start":{"line":239,"column":173},"end":{"line":239,"column":212}},"type":"cond-expr","locations":[{"start":{"line":239,"column":195},"end":{"line":239,"column":202}},{"start":{"line":239,"column":205},"end":{"line":239,"column":212}}],"line":239},"17":{"loc":{"start":{"line":240,"column":13},"end":{"line":240,"column":52}},"type":"binary-expr","locations":[{"start":{"line":240,"column":13},"end":{"line":240,"column":34}},{"start":{"line":240,"column":38},"end":{"line":240,"column":52}}],"line":240},"18":{"loc":{"start":{"line":241,"column":19},"end":{"line":243,"column":108}},"type":"cond-expr","locations":[{"start":{"line":242,"column":8},"end":{"line":242,"column":120}},{"start":{"line":243,"column":8},"end":{"line":243,"column":108}}],"line":241}},"s":{"0":7,"1":7,"2":0,"3":7,"4":7,"5":2,"6":0,"7":2,"8":1,"9":1,"10":1,"11":1,"12":1,"13":0,"14":0,"15":1,"16":1,"17":0,"18":1,"19":1,"20":1,"21":0,"22":1,"23":1,"24":0,"25":0,"26":1,"27":1,"28":1,"29":1,"30":0,"31":1,"32":1,"33":0,"34":1,"35":1,"36":0,"37":1,"38":1,"39":0,"40":0,"41":0,"42":0,"43":0,"44":0,"45":0,"46":0,"47":0,"48":0,"49":0,"50":0,"51":0,"52":0,"53":0,"54":0,"55":0,"56":0,"57":0,"58":1,"59":1,"60":1,"61":7},"f":{"0":2,"1":1,"2":0,"3":1,"4":0,"5":0,"6":0,"7":0,"8":0,"9":0,"10":1},"b":{"0":[0,2],"1":[1,1],"2":[0,1],"3":[1,1],"4":[0,0],"5":[0,1],"6":[1,1],"7":[0,0],"8":[0,0],"9":[0,0],"10":[0,0],"11":[0,0],"12":[0,0],"13":[0,0],"14":[0,0],"15":[0,0],"16":[1,0],"17":[1,0],"18":[0,1]},"_coverageSchema":"1a1c01bbd47fc00a2c39e90264f33305004495a9","hash":"765f9afb9bf134b75cd31327d3a4e1985b1b7efc"}
,"K:\\Projects\\VirtualPromptWar2\\server\\services\\scoreService.js": {"path":"K:\\Projects\\VirtualPromptWar2\\server\\services\\scoreService.js","statementMap":{"0":{"start":{"line":9,"column":29},"end":{"line":9,"column":65}},"1":{"start":{"line":12,"column":19},"end":{"line":18,"column":1}},"2":{"start":{"line":28,"column":20},"end":{"line":28,"column":22}},"3":{"start":{"line":31,"column":26},"end":{"line":31,"column":81}},"4":{"start":{"line":32,"column":2},"end":{"line":32,"column":86}},"5":{"start":{"line":35,"column":2},"end":{"line":35,"column":89}},"6":{"start":{"line":38,"column":23},"end":{"line":38,"column":102}},"7":{"start":{"line":39,"column":2},"end":{"line":39,"column":79}},"8":{"start":{"line":42,"column":2},"end":{"line":42,"column":104}},"9":{"start":{"line":45,"column":2},"end":{"line":48,"column":4}},"10":{"start":{"line":50,"column":16},"end":{"line":50,"column":75}},"11":{"start":{"line":50,"column":62},"end":{"line":50,"column":71}},"12":{"start":{"line":52,"column":2},"end":{"line":52,"column":49}},"13":{"start":{"line":64,"column":2},"end":{"line":75,"column":3}},"14":{"start":{"line":65,"column":4},"end":{"line":69,"column":5}},"15":{"start":{"line":66,"column":19},"end":{"line":66,"column":67}},"16":{"start":{"line":67,"column":21},"end":{"line":67,"column":61}},"17":{"start":{"line":68,"column":6},"end":{"line":68,"column":49}},"18":{"start":{"line":70,"column":4},"end":{"line":74,"column":5}},"19":{"start":{"line":71,"column":19},"end":{"line":71,"column":67}},"20":{"start":{"line":72,"column":21},"end":{"line":72,"column":61}},"21":{"start":{"line":73,"column":6},"end":{"line":73,"column":50}},"22":{"start":{"line":77,"column":24},"end":{"line":77,"column":58}},"23":{"start":{"line":78,"column":2},"end":{"line":80,"column":3}},"24":{"start":{"line":79,"column":4},"end":{"line":79,"column":33}},"25":{"start":{"line":82,"column":2},"end":{"line":82,"column":11}},"26":{"start":{"line":92,"column":2},"end":{"line":94,"column":3}},"27":{"start":{"line":93,"column":4},"end":{"line":93,"column":46}},"28":{"start":{"line":96,"column":14},"end":{"line":96,"column":24}},"29":{"start":{"line":97,"column":15},"end":{"line":97,"column":36}},"30":{"start":{"line":98,"column":21},"end":{"line":98,"column":52}},"31":{"start":{"line":101,"column":22},"end":{"line":101,"column":80}},"32":{"start":{"line":102,"column":23},"end":{"line":102,"column":84}},"33":{"start":{"line":103,"column":20},"end":{"line":103,"column":84}},"34":{"start":{"line":105,"column":2},"end":{"line":114,"column":3}},"35":{"start":{"line":107,"column":4},"end":{"line":107,"column":58}},"36":{"start":{"line":108,"column":9},"end":{"line":114,"column":3}},"37":{"start":{"line":110,"column":4},"end":{"line":110,"column":62}},"38":{"start":{"line":111,"column":9},"end":{"line":114,"column":3}},"39":{"start":{"line":113,"column":4},"end":{"line":113,"column":46}},"40":{"start":{"line":116,"column":2},"end":{"line":116,"column":67}},"41":{"start":{"line":123,"column":2},"end":{"line":123,"column":72}},"42":{"start":{"line":123,"column":20},"end":{"line":123,"column":72}},"43":{"start":{"line":125,"column":21},"end":{"line":125,"column":76}},"44":{"start":{"line":127,"column":2},"end":{"line":131,"column":4}},"45":{"start":{"line":138,"column":2},"end":{"line":144,"column":4}},"46":{"start":{"line":147,"column":0},"end":{"line":155,"column":2}}},"fnMap":{"0":{"name":"calculateBaselineScore","decl":{"start":{"line":27,"column":9},"end":{"line":27,"column":31}},"loc":{"start":{"line":27,"column":41},"end":{"line":53,"column":1}},"line":27},"1":{"name":"(anonymous_1)","decl":{"start":{"line":50,"column":48},"end":{"line":50,"column":49}},"loc":{"start":{"line":50,"column":62},"end":{"line":50,"column":71}},"line":50},"2":{"name":"calculateActionDelta","decl":{"start":{"line":63,"column":9},"end":{"line":63,"column":29}},"loc":{"start":{"line":63,"column":80},"end":{"line":83,"column":1}},"line":63},"3":{"name":"updateStreak","decl":{"start":{"line":91,"column":9},"end":{"line":91,"column":21}},"loc":{"start":{"line":91,"column":50},"end":{"line":117,"column":1}},"line":91},"4":{"name":"getStreakStatus","decl":{"start":{"line":122,"column":9},"end":{"line":122,"column":24}},"loc":{"start":{"line":122,"column":53},"end":{"line":132,"column":1}},"line":122},"5":{"name":"getEquivalencies","decl":{"start":{"line":137,"column":9},"end":{"line":137,"column":25}},"loc":{"start":{"line":137,"column":38},"end":{"line":145,"column":1}},"line":137}},"branchMap":{"0":{"loc":{"start":{"line":31,"column":26},"end":{"line":31,"column":81}},"type":"binary-expr","locations":[{"start":{"line":31,"column":26},"end":{"line":31,"column":76}},{"start":{"line":31,"column":80},"end":{"line":31,"column":81}}],"line":31},"1":{"loc":{"start":{"line":35,"column":19},"end":{"line":35,"column":88}},"type":"binary-expr","locations":[{"start":{"line":35,"column":19},"end":{"line":35,"column":54}},{"start":{"line":35,"column":58},"end":{"line":35,"column":88}}],"line":35},"2":{"loc":{"start":{"line":38,"column":23},"end":{"line":38,"column":102}},"type":"binary-expr","locations":[{"start":{"line":38,"column":23},"end":{"line":38,"column":69}},{"start":{"line":38,"column":73},"end":{"line":38,"column":102}}],"line":38},"3":{"loc":{"start":{"line":42,"column":23},"end":{"line":42,"column":103}},"type":"binary-expr","locations":[{"start":{"line":42,"column":23},"end":{"line":42,"column":66}},{"start":{"line":42,"column":70},"end":{"line":42,"column":103}}],"line":42},"4":{"loc":{"start":{"line":63,"column":48},"end":{"line":63,"column":54}},"type":"default-arg","locations":[{"start":{"line":63,"column":53},"end":{"line":63,"column":54}}],"line":63},"5":{"loc":{"start":{"line":63,"column":56},"end":{"line":63,"column":78}},"type":"default-arg","locations":[{"start":{"line":63,"column":74},"end":{"line":63,"column":78}}],"line":63},"6":{"loc":{"start":{"line":64,"column":2},"end":{"line":75,"column":3}},"type":"if","locations":[{"start":{"line":64,"column":2},"end":{"line":75,"column":3}},{"start":{},"end":{}}],"line":64},"7":{"loc":{"start":{"line":65,"column":4},"end":{"line":69,"column":5}},"type":"if","locations":[{"start":{"line":65,"column":4},"end":{"line":69,"column":5}},{"start":{},"end":{}}],"line":65},"8":{"loc":{"start":{"line":65,"column":8},"end":{"line":65,"column":39}},"type":"binary-expr","locations":[{"start":{"line":65,"column":8},"end":{"line":65,"column":29}},{"start":{"line":65,"column":33},"end":{"line":65,"column":39}}],"line":65},"9":{"loc":{"start":{"line":66,"column":19},"end":{"line":66,"column":67}},"type":"binary-expr","locations":[{"start":{"line":66,"column":19},"end":{"line":66,"column":51}},{"start":{"line":66,"column":55},"end":{"line":66,"column":67}}],"line":66},"10":{"loc":{"start":{"line":67,"column":21},"end":{"line":67,"column":61}},"type":"binary-expr","locations":[{"start":{"line":67,"column":21},"end":{"line":67,"column":53}},{"start":{"line":67,"column":57},"end":{"line":67,"column":61}}],"line":67},"11":{"loc":{"start":{"line":70,"column":4},"end":{"line":74,"column":5}},"type":"if","locations":[{"start":{"line":70,"column":4},"end":{"line":74,"column":5}},{"start":{},"end":{}}],"line":70},"12":{"loc":{"start":{"line":70,"column":8},"end":{"line":70,"column":44}},"type":"binary-expr","locations":[{"start":{"line":70,"column":8},"end":{"line":70,"column":34}},{"start":{"line":70,"column":38},"end":{"line":70,"column":44}}],"line":70},"13":{"loc":{"start":{"line":71,"column":19},"end":{"line":71,"column":67}},"type":"binary-expr","locations":[{"start":{"line":71,"column":19},"end":{"line":71,"column":51}},{"start":{"line":71,"column":55},"end":{"line":71,"column":67}}],"line":71},"14":{"loc":{"start":{"line":72,"column":21},"end":{"line":72,"column":61}},"type":"binary-expr","locations":[{"start":{"line":72,"column":21},"end":{"line":72,"column":53}},{"start":{"line":72,"column":57},"end":{"line":72,"column":61}}],"line":72},"15":{"loc":{"start":{"line":78,"column":2},"end":{"line":80,"column":3}},"type":"if","locations":[{"start":{"line":78,"column":2},"end":{"line":80,"column":3}},{"start":{},"end":{}}],"line":78},"16":{"loc":{"start":{"line":78,"column":6},"end":{"line":78,"column":92}},"type":"binary-expr","locations":[{"start":{"line":78,"column":6},"end":{"line":78,"column":19}},{"start":{"line":78,"column":23},"end":{"line":78,"column":58}},{"start":{"line":78,"column":62},"end":{"line":78,"column":92}}],"line":78},"17":{"loc":{"start":{"line":92,"column":2},"end":{"line":94,"column":3}},"type":"if","locations":[{"start":{"line":92,"column":2},"end":{"line":94,"column":3}},{"start":{},"end":{}}],"line":92},"18":{"loc":{"start":{"line":105,"column":2},"end":{"line":114,"column":3}},"type":"if","locations":[{"start":{"line":105,"column":2},"end":{"line":114,"column":3}},{"start":{"line":108,"column":9},"end":{"line":114,"column":3}}],"line":105},"19":{"loc":{"start":{"line":108,"column":9},"end":{"line":114,"column":3}},"type":"if","locations":[{"start":{"line":108,"column":9},"end":{"line":114,"column":3}},{"start":{"line":111,"column":9},"end":{"line":114,"column":3}}],"line":108},"20":{"loc":{"start":{"line":111,"column":9},"end":{"line":114,"column":3}},"type":"if","locations":[{"start":{"line":111,"column":9},"end":{"line":114,"column":3}},{"start":{},"end":{}}],"line":111},"21":{"loc":{"start":{"line":123,"column":2},"end":{"line":123,"column":72}},"type":"if","locations":[{"start":{"line":123,"column":2},"end":{"line":123,"column":72}},{"start":{},"end":{}}],"line":123},"22":{"loc":{"start":{"line":128,"column":18},"end":{"line":128,"column":53}},"type":"binary-expr","locations":[{"start":{"line":128,"column":18},"end":{"line":128,"column":34}},{"start":{"line":128,"column":38},"end":{"line":128,"column":53}}],"line":128}},"s":{"0":8,"1":8,"2":13,"3":13,"4":13,"5":13,"6":13,"7":13,"8":13,"9":13,"10":13,"11":65,"12":13,"13":9,"14":5,"15":2,"16":2,"17":2,"18":3,"19":1,"20":1,"21":1,"22":6,"23":6,"24":5,"25":1,"26":5,"27":2,"28":3,"29":3,"30":3,"31":3,"32":3,"33":3,"34":3,"35":1,"36":2,"37":1,"38":1,"39":1,"40":0,"41":6,"42":4,"43":2,"44":2,"45":5,"46":8},"f":{"0":13,"1":65,"2":9,"3":5,"4":6,"5":5},"b":{"0":[13,1],"1":[13,0],"2":[13,0],"3":[13,0],"4":[5],"5":[7],"6":[5,4],"7":[2,3],"8":[5,2],"9":[2,1],"10":[2,0],"11":[1,2],"12":[3,1],"13":[1,1],"14":[1,0],"15":[5,1],"16":[6,6,5],"17":[2,3],"18":[1,2],"19":[1,1],"20":[1,0],"21":[4,2],"22":[2,2]},"_coverageSchema":"1a1c01bbd47fc00a2c39e90264f33305004495a9","hash":"e74f5c0b6432b4b27ae0c399b341997f750cf4cc"}
,"K:\\Projects\\VirtualPromptWar2\\server\\utils\\cookieHelper.js": {"path":"K:\\Projects\\VirtualPromptWar2\\server\\utils\\cookieHelper.js","statementMap":{"0":{"start":{"line":11,"column":2},"end":{"line":13,"column":3}},"1":{"start":{"line":12,"column":4},"end":{"line":12,"column":14}},"2":{"start":{"line":15,"column":2},"end":{"line":30,"column":9}},"3":{"start":{"line":16,"column":18},"end":{"line":16,"column":32}},"4":{"start":{"line":17,"column":4},"end":{"line":28,"column":5}},"5":{"start":{"line":18,"column":18},"end":{"line":18,"column":42}},"6":{"start":{"line":19,"column":18},"end":{"line":19,"column":43}},"7":{"start":{"line":20,"column":6},"end":{"line":27,"column":7}},"8":{"start":{"line":21,"column":8},"end":{"line":26,"column":9}},"9":{"start":{"line":22,"column":10},"end":{"line":22,"column":45}},"10":{"start":{"line":25,"column":10},"end":{"line":25,"column":25}},"11":{"start":{"line":29,"column":4},"end":{"line":29,"column":15}},"12":{"start":{"line":33,"column":0},"end":{"line":35,"column":2}}},"fnMap":{"0":{"name":"parseCookies","decl":{"start":{"line":10,"column":9},"end":{"line":10,"column":21}},"loc":{"start":{"line":10,"column":36},"end":{"line":31,"column":1}},"line":10},"1":{"name":"(anonymous_1)","decl":{"start":{"line":15,"column":40},"end":{"line":15,"column":41}},"loc":{"start":{"line":15,"column":52},"end":{"line":30,"column":3}},"line":15}},"branchMap":{"0":{"loc":{"start":{"line":11,"column":2},"end":{"line":13,"column":3}},"type":"if","locations":[{"start":{"line":11,"column":2},"end":{"line":13,"column":3}},{"start":{},"end":{}}],"line":11},"1":{"loc":{"start":{"line":11,"column":6},"end":{"line":11,"column":55}},"type":"binary-expr","locations":[{"start":{"line":11,"column":6},"end":{"line":11,"column":19}},{"start":{"line":11,"column":23},"end":{"line":11,"column":55}}],"line":11},"2":{"loc":{"start":{"line":17,"column":4},"end":{"line":28,"column":5}},"type":"if","locations":[{"start":{"line":17,"column":4},"end":{"line":28,"column":5}},{"start":{},"end":{}}],"line":17},"3":{"loc":{"start":{"line":20,"column":6},"end":{"line":27,"column":7}},"type":"if","locations":[{"start":{"line":20,"column":6},"end":{"line":27,"column":7}},{"start":{},"end":{}}],"line":20}},"s":{"0":71,"1":4,"2":67,"3":658,"4":658,"5":600,"6":600,"7":600,"8":600,"9":600,"10":1,"11":658,"12":8},"f":{"0":71,"1":658},"b":{"0":[4,67],"1":[71,68],"2":[600,58],"3":[600,0]},"_coverageSchema":"1a1c01bbd47fc00a2c39e90264f33305004495a9","hash":"a7bdce29d087f71cd73fe8ec2fd779c7ab9c03fa"}
,"K:\\Projects\\VirtualPromptWar2\\server\\utils\\dateHelpers.js": {"path":"K:\\Projects\\VirtualPromptWar2\\server\\utils\\dateHelpers.js","statementMap":{"0":{"start":{"line":13,"column":12},"end":{"line":13,"column":26}},"1":{"start":{"line":14,"column":14},"end":{"line":14,"column":24}},"2":{"start":{"line":16,"column":15},"end":{"line":16,"column":55}},"3":{"start":{"line":17,"column":17},"end":{"line":17,"column":42}},"4":{"start":{"line":18,"column":2},"end":{"line":18,"column":30}},"5":{"start":{"line":19,"column":2},"end":{"line":19,"column":16}},"6":{"start":{"line":30,"column":14},"end":{"line":30,"column":24}},"7":{"start":{"line":31,"column":20},"end":{"line":31,"column":65}},"8":{"start":{"line":32,"column":29},"end":{"line":32,"column":48}},"9":{"start":{"line":33,"column":31},"end":{"line":33,"column":56}},"10":{"start":{"line":35,"column":2},"end":{"line":40,"column":3}},"11":{"start":{"line":36,"column":4},"end":{"line":36,"column":25}},"12":{"start":{"line":37,"column":4},"end":{"line":37,"column":31}},"13":{"start":{"line":38,"column":4},"end":{"line":38,"column":22}},"14":{"start":{"line":39,"column":4},"end":{"line":39,"column":16}},"15":{"start":{"line":41,"column":2},"end":{"line":41,"column":15}},"16":{"start":{"line":44,"column":0},"end":{"line":47,"column":2}}},"fnMap":{"0":{"name":"getStartOfWeek","decl":{"start":{"line":12,"column":9},"end":{"line":12,"column":23}},"loc":{"start":{"line":12,"column":30},"end":{"line":20,"column":1}},"line":12},"1":{"name":"checkAndResetWeeklyScore","decl":{"start":{"line":29,"column":15},"end":{"line":29,"column":39}},"loc":{"start":{"line":29,"column":46},"end":{"line":42,"column":1}},"line":29}},"branchMap":{"0":{"loc":{"start":{"line":16,"column":36},"end":{"line":16,"column":54}},"type":"cond-expr","locations":[{"start":{"line":16,"column":48},"end":{"line":16,"column":50}},{"start":{"line":16,"column":53},"end":{"line":16,"column":54}}],"line":16},"1":{"loc":{"start":{"line":31,"column":20},"end":{"line":31,"column":65}},"type":"binary-expr","locations":[{"start":{"line":31,"column":20},"end":{"line":31,"column":40}},{"start":{"line":31,"column":44},"end":{"line":31,"column":58}},{"start":{"line":31,"column":62},"end":{"line":31,"column":65}}],"line":31},"2":{"loc":{"start":{"line":35,"column":2},"end":{"line":40,"column":3}},"type":"if","locations":[{"start":{"line":35,"column":2},"end":{"line":40,"column":3}},{"start":{},"end":{}}],"line":35}},"s":{"0":5,"1":5,"2":5,"3":5,"4":5,"5":5,"6":2,"7":2,"8":2,"9":2,"10":2,"11":0,"12":0,"13":0,"14":0,"15":2,"16":7},"f":{"0":5,"1":2},"b":{"0":[0,5],"1":[2,0,0],"2":[0,2]},"_coverageSchema":"1a1c01bbd47fc00a2c39e90264f33305004495a9","hash":"036b67f33c7d9a81985d9ce34a00e07af44ca69a"}
}
