TN:
SF:server\index.js
FN:12,(anonymous_0)
FN:27,(anonymous_1)
FN:31,(anonymous_2)
FN:37,(anonymous_3)
FN:76,(anonymous_4)
FN:112,(anonymous_5)
FN:117,(anonymous_6)
FN:134,(anonymous_7)
FN:136,(anonymous_8)
FN:140,(anonymous_9)
FNF:10
FNH:5
FNDA:21,(anonymous_0)
FNDA:0,(anonymous_1)
FNDA:58,(anonymous_2)
FNDA:0,(anonymous_3)
FNDA:57,(anonymous_4)
FNDA:1,(anonymous_5)
FNDA:2,(anonymous_6)
FNDA:0,(anonymous_7)
FNDA:0,(anonymous_8)
FNDA:0,(anonymous_9)
DA:1,7
DA:2,7
DA:3,7
DA:4,7
DA:5,7
DA:6,7
DA:7,7
DA:8,7
DA:11,7
DA:12,21
DA:13,7
DA:14,0
DA:15,0
DA:18,7
DA:21,7
DA:22,0
DA:26,7
DA:27,0
DA:30,7
DA:33,58
DA:34,58
DA:37,0
DA:38,0
DA:40,0
DA:43,0
DA:44,0
DA:46,0
DA:49,0
DA:50,0
DA:52,0
DA:60,7
DA:61,7
DA:64,7
DA:71,7
DA:73,7
DA:76,7
DA:77,57
DA:81,44
DA:82,15
DA:85,29
DA:86,29
DA:87,29
DA:88,29
DA:91,29
DA:93,29
DA:94,1
DA:97,41
DA:103,7
DA:104,7
DA:105,7
DA:106,7
DA:107,7
DA:108,7
DA:109,7
DA:112,7
DA:113,1
DA:117,7
DA:118,2
DA:122,7
DA:123,7
DA:126,7
DA:127,7
DA:129,7
DA:131,0
DA:133,0
DA:135,0
DA:136,0
DA:137,0
DA:141,0
DA:142,0
DA:146,7
LF:71
LH:51
BRDA:13,0,0,0
BRDA:13,0,1,7
BRDA:13,1,0,7
BRDA:13,1,1,0
BRDA:21,2,0,0
BRDA:21,2,1,7
BRDA:26,3,0,0
BRDA:26,3,1,7
BRDA:33,4,0,58
BRDA:33,4,1,0
BRDA:38,5,0,0
BRDA:38,5,1,0
BRDA:49,6,0,0
BRDA:49,6,1,0
BRDA:77,7,0,44
BRDA:77,7,1,13
BRDA:81,8,0,15
BRDA:81,8,1,29
BRDA:86,9,0,29
BRDA:86,9,1,0
BRDA:93,10,0,1
BRDA:93,10,1,28
BRDA:93,11,0,29
BRDA:93,11,1,29
BRDA:93,11,2,28
BRDA:126,12,0,7
BRDA:126,12,1,0
BRDA:127,13,0,7
BRDA:127,13,1,0
BRDA:129,14,0,0
BRDA:129,14,1,7
BRF:31
BRH:18
end_of_record
TN:
SF:server\config\emissionFactors.js
FNF:0
FNH:0
DA:9,8
DA:65,8
LF:2
LH:2
BRDA:11,0,0,8
BRDA:11,0,1,8
BRDA:12,1,0,8
BRDA:12,1,1,8
BRDA:13,2,0,8
BRDA:13,2,1,8
BRDA:14,3,0,8
BRDA:14,3,1,8
BRDA:15,4,0,8
BRDA:15,4,1,8
BRDA:16,5,0,8
BRDA:16,5,1,8
BRDA:19,6,0,8
BRDA:19,6,1,8
BRDA:20,7,0,8
BRDA:20,7,1,8
BRDA:21,8,0,8
BRDA:21,8,1,8
BRDA:22,9,0,8
BRDA:22,9,1,8
BRDA:23,10,0,8
BRDA:23,10,1,8
BRDA:26,11,0,8
BRDA:26,11,1,8
BRDA:27,12,0,8
BRDA:27,12,1,8
BRDA:28,13,0,8
BRDA:28,13,1,8
BRDA:31,14,0,8
BRDA:31,14,1,8
BRDA:32,15,0,8
BRDA:32,15,1,8
BRDA:33,16,0,8
BRDA:33,16,1,8
BRDA:36,17,0,8
BRDA:36,17,1,8
BRDA:37,18,0,8
BRDA:37,18,1,8
BRDA:42,19,0,8
BRDA:42,19,1,8
BRDA:44,20,0,8
BRDA:44,20,1,8
BRDA:47,21,0,8
BRDA:47,21,1,8
BRDA:48,22,0,8
BRDA:48,22,1,8
BRDA:49,23,0,8
BRDA:49,23,1,8
BRDA:50,24,0,8
BRDA:50,24,1,8
BRDA:53,25,0,8
BRDA:53,25,1,8
BRDA:54,26,0,8
BRDA:54,26,1,8
BRDA:55,27,0,8
BRDA:55,27,1,8
BRDA:58,28,0,8
BRDA:58,28,1,8
BRDA:59,29,0,8
BRDA:59,29,1,8
BRDA:60,30,0,8
BRDA:60,30,1,8
BRF:62
BRH:62
end_of_record
TN:
SF:server\middleware\auth.js
FN:5,(anonymous_0)
FNF:1
FNH:1
FNDA:36,(anonymous_0)
DA:1,7
DA:2,7
DA:3,7
DA:5,7
DA:6,36
DA:7,36
DA:10,36
DA:11,29
DA:12,29
DA:16,36
DA:17,9
DA:18,9
DA:19,5
DA:23,36
DA:24,4
DA:27,32
DA:30,31
DA:31,31
DA:32,1
DA:34,30
DA:35,30
DA:37,1
DA:38,0
DA:40,1
DA:44,7
LF:25
LH:24
BRDA:10,0,0,29
BRDA:10,0,1,7
BRDA:16,1,0,9
BRDA:16,1,1,27
BRDA:18,2,0,5
BRDA:18,2,1,4
BRDA:23,3,0,4
BRDA:23,3,1,32
BRDA:31,4,0,1
BRDA:31,4,1,30
BRDA:37,5,0,0
BRDA:37,5,1,1
BRF:12
BRH:11
end_of_record
TN:
SF:server\middleware\errorHandler.js
FN:9,(anonymous_0)
FN:17,(anonymous_1)
FNF:2
FNH:1
FNDA:1,(anonymous_0)
FNDA:0,(anonymous_1)
DA:9,7
DA:11,1
DA:12,0
DA:16,1
DA:17,0
DA:18,0
DA:22,1
DA:23,0
DA:24,0
DA:28,1
DA:29,0
DA:33,1
DA:34,0
DA:36,1
DA:37,0
DA:41,1
DA:42,0
DA:46,1
DA:47,1
DA:49,1
DA:50,0
DA:53,1
DA:56,7
LF:23
LH:13
BRDA:11,0,0,0
BRDA:11,0,1,1
BRDA:16,1,0,0
BRDA:16,1,1,1
BRDA:16,2,0,1
BRDA:16,2,1,0
BRDA:22,3,0,0
BRDA:22,3,1,1
BRDA:22,4,0,1
BRDA:22,4,1,1
BRDA:23,5,0,0
BRDA:23,5,1,0
BRDA:28,6,0,0
BRDA:28,6,1,1
BRDA:28,7,0,1
BRDA:28,7,1,1
BRDA:33,8,0,0
BRDA:33,8,1,1
BRDA:36,9,0,0
BRDA:36,9,1,1
BRDA:41,10,0,0
BRDA:41,10,1,1
BRDA:46,11,0,1
BRDA:46,11,1,0
BRDA:47,12,0,0
BRDA:47,12,1,1
BRDA:49,13,0,0
BRDA:49,13,1,1
BRF:28
BRH:15
end_of_record
TN:
SF:server\models\Action.js
FNF:0
FNH:0
DA:1,7
DA:3,7
DA:36,7
DA:38,7
LF:4
LH:4
BRF:0
BRH:0
end_of_record
TN:
SF:server\models\BlacklistedToken.js
FNF:0
FNH:0
DA:1,7
DA:3,7
DA:17,7
LF:3
LH:3
BRF:0
BRH:0
end_of_record
TN:
SF:server\models\User.js
FN:124,(anonymous_0)
FN:132,(anonymous_1)
FN:137,(anonymous_2)
FN:142,(anonymous_3)
FN:157,(anonymous_4)
FNF:5
FNH:5
FNDA:13,(anonymous_0)
FNDA:2,(anonymous_1)
FNDA:4,(anonymous_2)
FNDA:1,(anonymous_3)
FNDA:4,(anonymous_4)
DA:1,7
DA:2,7
DA:4,7
DA:119,7
DA:120,7
DA:124,7
DA:125,13
DA:126,8
DA:127,8
DA:128,8
DA:132,7
DA:133,2
DA:137,7
DA:138,4
DA:139,4
DA:142,4
DA:143,1
DA:144,1
DA:145,1
DA:148,4
DA:149,1
DA:151,3
DA:155,4
DA:156,4
DA:157,4
DA:160,7
LF:26
LH:26
BRDA:125,0,0,5
BRDA:125,0,1,8
BRDA:148,1,0,1
BRDA:148,1,1,3
BRF:4
BRH:4
end_of_record
TN:
SF:server\models\WeeklyReport.js
FNF:0
FNH:0
DA:1,7
DA:3,7
DA:44,7
DA:46,7
LF:4
LH:4
BRF:0
BRH:0
end_of_record
TN:
SF:server\routes\actions.js
FN:20,(anonymous_0)
FN:28,(anonymous_1)
FN:34,(anonymous_2)
FN:45,(anonymous_3)
FN:57,(anonymous_4)
FN:103,(anonymous_5)
FN:106,(anonymous_6)
FN:147,(anonymous_7)
FN:156,(anonymous_8)
FN:178,(anonymous_9)
FN:190,(anonymous_10)
FN:194,(anonymous_11)
FNF:12
FNH:7
FNDA:5,(anonymous_0)
FNDA:5,(anonymous_1)
FNDA:5,(anonymous_2)
FNDA:6,(anonymous_3)
FNDA:1,(anonymous_4)
FNDA:1,(anonymous_5)
FNDA:1,(anonymous_6)
FNDA:0,(anonymous_7)
FNDA:0,(anonymous_8)
FNDA:0,(anonymous_9)
FNDA:0,(anonymous_10)
FNDA:0,(anonymous_11)
DA:1,7
DA:2,7
DA:3,7
DA:4,7
DA:5,7
DA:6,7
DA:8,7
DA:10,7
DA:12,7
DA:19,7
DA:21,5
DA:29,5
DA:30,5
DA:35,5
DA:36,1
DA:37,1
DA:39,4
DA:45,7
DA:46,6
DA:47,6
DA:48,5
DA:49,5
DA:52,1
DA:53,1
DA:57,7
DA:58,1
DA:59,1
DA:61,1
DA:62,1
DA:65,1
DA:68,1
DA:71,1
DA:79,1
DA:82,1
DA:83,1
DA:86,1
DA:87,1
DA:88,1
DA:91,1
DA:92,1
DA:95,1
DA:96,1
DA:97,1
DA:101,1
DA:103,1
DA:106,1
DA:107,1
DA:108,1
DA:110,1
DA:111,1
DA:114,1
DA:146,0
DA:147,0
DA:148,0
DA:150,0
DA:151,0
DA:156,7
DA:157,0
DA:158,0
DA:159,0
DA:160,0
DA:162,0
DA:163,0
DA:165,0
DA:170,0
DA:172,0
DA:173,0
DA:178,7
DA:179,0
DA:180,0
DA:181,0
DA:183,0
DA:188,0
DA:190,0
DA:194,0
DA:195,0
DA:196,0
DA:198,0
DA:199,0
DA:202,0
DA:204,0
DA:205,0
DA:209,7
LF:83
LH:54
BRDA:30,0,0,5
BRDA:30,0,1,3
BRDA:35,1,0,1
BRDA:35,1,1,4
BRDA:35,2,0,5
BRDA:35,2,1,1
BRDA:35,2,2,0
BRDA:37,3,0,1
BRDA:37,3,1,1
BRDA:37,3,2,1
BRDA:37,3,3,0
BRDA:47,4,0,5
BRDA:47,4,1,1
BRDA:62,5,0,0
BRDA:62,5,1,1
BRDA:68,6,0,1
BRDA:68,6,1,1
BRDA:76,7,0,1
BRDA:76,7,1,0
BRDA:83,8,0,1
BRDA:83,8,1,1
BRDA:107,9,0,1
BRDA:107,9,1,0
BRDA:146,10,0,0
BRDA:146,10,1,0
BRDA:159,11,0,0
BRDA:159,11,1,0
BRDA:159,12,0,0
BRDA:159,12,1,0
BRDA:159,12,2,0
BRDA:195,13,0,0
BRDA:195,13,1,0
BRF:32
BRH:18
end_of_record
TN:
SF:server\routes\ai.js
FN:12,getUserDataForAI
FN:27,(anonymous_1)
FN:33,(anonymous_2)
FN:45,compileReportInBackground
FN:73,(anonymous_4)
FN:111,(anonymous_5)
FN:131,(anonymous_6)
FN:156,(anonymous_7)
FN:158,(anonymous_8)
FN:176,(anonymous_9)
FN:188,(anonymous_10)
FNF:11
FNH:4
FNDA:2,getUserDataForAI
FNDA:16,(anonymous_1)
FNDA:0,(anonymous_2)
FNDA:0,compileReportInBackground
FNDA:1,(anonymous_4)
FNDA:3,(anonymous_5)
FNDA:0,(anonymous_6)
FNDA:0,(anonymous_7)
FNDA:0,(anonymous_8)
FNDA:0,(anonymous_9)
FNDA:0,(anonymous_10)
DA:1,7
DA:2,7
DA:3,7
DA:4,7
DA:5,7
DA:6,7
DA:7,7
DA:9,7
DA:13,2
DA:14,2
DA:16,2
DA:17,2
DA:19,2
DA:25,2
DA:26,2
DA:27,16
DA:29,2
DA:33,0
DA:46,0
DA:47,0
DA:48,0
DA:49,0
DA:51,0
DA:56,0
DA:57,0
DA:59,0
DA:60,0
DA:61,0
DA:67,0
DA:73,7
DA:74,1
DA:75,1
DA:76,1
DA:79,1
DA:80,1
DA:83,1
DA:84,0
DA:91,1
DA:92,1
DA:95,1
DA:101,1
DA:103,1
DA:105,0
DA:106,0
DA:111,7
DA:112,3
DA:113,3
DA:114,3
DA:115,1
DA:117,2
DA:118,1
DA:121,1
DA:122,1
DA:123,1
DA:125,0
DA:126,0
DA:131,7
DA:132,0
DA:133,0
DA:134,0
DA:137,0
DA:138,0
DA:141,0
DA:146,0
DA:147,0
DA:151,0
DA:156,0
DA:157,0
DA:158,0
DA:159,0
DA:163,0
DA:173,0
DA:176,0
DA:177,0
DA:180,0
DA:182,0
DA:183,0
DA:188,7
DA:189,0
DA:190,0
DA:193,0
DA:195,0
DA:196,0
DA:200,7
LF:84
LH:42
BRDA:14,0,0,0
BRDA:14,0,1,2
BRDA:25,1,0,2
BRDA:25,1,1,0
BRDA:26,2,0,2
BRDA:26,2,1,0
BRDA:52,3,0,0
BRDA:52,3,1,0
BRDA:53,4,0,0
BRDA:53,4,1,0
BRDA:54,5,0,0
BRDA:54,5,1,0
BRDA:76,6,0,0
BRDA:76,6,1,1
BRDA:83,7,0,0
BRDA:83,7,1,1
BRDA:83,8,0,1
BRDA:83,8,1,1
BRDA:83,8,2,0
BRDA:97,9,0,1
BRDA:97,9,1,0
BRDA:114,10,0,1
BRDA:114,10,1,2
BRDA:114,11,0,3
BRDA:114,11,1,2
BRDA:114,11,2,2
BRDA:117,12,0,1
BRDA:117,12,1,1
BRDA:134,13,0,0
BRDA:134,13,1,0
BRDA:146,14,0,0
BRDA:146,14,1,0
BRDA:159,15,0,0
BRDA:159,15,1,0
BRF:34
BRH:15
end_of_record
TN:
SF:server\routes\auth.js
FN:54,(anonymous_0)
FN:64,(anonymous_1)
FN:75,(anonymous_2)
FN:135,(anonymous_3)
FN:196,(anonymous_4)
FNF:5
FNH:5
FNDA:11,(anonymous_0)
FNDA:4,(anonymous_1)
FNDA:9,(anonymous_2)
FNDA:3,(anonymous_3)
FNDA:2,(anonymous_4)
DA:1,7
DA:2,7
DA:3,7
DA:4,7
DA:5,7
DA:6,7
DA:7,7
DA:8,7
DA:9,7
DA:11,7
DA:14,7
DA:24,7
DA:33,7
DA:48,7
DA:54,7
DA:55,11
DA:56,11
DA:57,2
DA:58,2
DA:60,9
DA:61,9
DA:64,7
DA:65,4
DA:66,4
DA:67,1
DA:68,1
DA:70,3
DA:71,3
DA:75,7
DA:76,9
DA:77,9
DA:79,9
DA:80,9
DA:81,1
DA:84,8
DA:91,8
DA:93,8
DA:99,8
DA:102,8
DA:110,8
DA:117,8
DA:129,0
DA:130,0
DA:135,7
DA:136,3
DA:137,3
DA:139,3
DA:140,3
DA:141,1
DA:144,2
DA:145,2
DA:146,1
DA:150,1
DA:152,1
DA:158,1
DA:161,1
DA:169,1
DA:176,1
DA:190,0
DA:191,0
DA:196,7
DA:197,2
DA:198,2
DA:201,2
DA:202,2
DA:203,2
DA:207,2
DA:208,0
DA:209,0
DA:210,0
DA:215,2
DA:217,2
DA:224,2
DA:229,2
DA:234,2
DA:236,0
DA:237,0
DA:241,7
LF:78
LH:69
BRDA:56,0,0,2
BRDA:56,0,1,9
BRDA:66,1,0,1
BRDA:66,1,1,3
BRDA:80,2,0,1
BRDA:80,2,1,8
BRDA:88,3,0,8
BRDA:88,3,1,7
BRDA:89,4,0,8
BRDA:89,4,1,7
BRDA:105,5,0,0
BRDA:105,5,1,8
BRDA:113,6,0,0
BRDA:113,6,1,8
BRDA:140,7,0,1
BRDA:140,7,1,2
BRDA:145,8,0,1
BRDA:145,8,1,1
BRDA:164,9,0,0
BRDA:164,9,1,1
BRDA:172,10,0,0
BRDA:172,10,1,1
BRDA:201,11,0,2
BRDA:201,11,1,0
BRDA:207,12,0,0
BRDA:207,12,1,2
BRDA:209,13,0,0
BRDA:209,13,1,0
BRDA:215,14,0,2
BRDA:215,14,1,0
BRDA:227,15,0,0
BRDA:227,15,1,2
BRDA:232,16,0,0
BRDA:232,16,1,2
BRF:34
BRH:23
end_of_record
TN:
SF:server\routes\community.js
FN:18,(anonymous_0)
FN:73,(anonymous_1)
FN:91,(anonymous_2)
FN:114,(anonymous_3)
FN:121,(anonymous_4)
FNF:5
FNH:5
FNDA:1,(anonymous_0)
FNDA:1,(anonymous_1)
FNDA:1,(anonymous_2)
FNDA:1,(anonymous_3)
FNDA:1,(anonymous_4)
DA:1,7
DA:2,7
DA:3,7
DA:4,7
DA:6,7
DA:9,7
DA:10,7
DA:18,7
DA:19,1
DA:20,1
DA:21,1
DA:22,0
DA:25,1
DA:38,1
DA:39,0
DA:48,1
DA:49,1
DA:52,1
DA:55,1
DA:59,1
DA:61,1
DA:67,1
DA:73,1
DA:80,1
DA:81,1
DA:83,1
DA:85,0
DA:86,0
DA:91,7
DA:92,1
DA:93,1
DA:94,1
DA:96,1
DA:97,0
DA:100,1
DA:106,1
DA:111,1
DA:113,1
DA:114,1
DA:121,1
DA:131,1
DA:132,1
DA:136,1
DA:137,1
DA:139,1
DA:140,1
DA:146,1
DA:151,0
DA:152,0
DA:156,7
LF:50
LH:43
BRDA:21,0,0,0
BRDA:21,0,1,1
BRDA:21,1,0,1
BRDA:21,1,1,0
BRDA:38,2,0,0
BRDA:38,2,1,1
BRDA:96,3,0,0
BRDA:96,3,1,1
BRDA:96,4,0,1
BRDA:96,4,1,0
BRDA:118,5,0,1
BRDA:118,5,1,1
BRDA:125,6,0,1
BRDA:125,6,1,1
BRDA:139,7,0,1
BRDA:139,7,1,0
BRDA:139,8,0,1
BRDA:139,8,1,1
BRDA:142,9,0,1
BRDA:142,9,1,1
BRF:20
BRH:14
end_of_record
TN:
SF:server\routes\quiz.js
FN:45,(anonymous_0)
FN:62,(anonymous_1)
FN:67,(anonymous_2)
FNF:3
FNH:2
FNDA:8,(anonymous_0)
FNDA:0,(anonymous_1)
FNDA:3,(anonymous_2)
DA:1,7
DA:2,7
DA:3,7
DA:4,7
DA:6,7
DA:8,7
DA:10,7
DA:45,7
DA:46,8
DA:47,8
DA:48,1
DA:51,7
DA:52,7
DA:53,4
DA:54,4
DA:57,3
DA:58,3
DA:62,7
DA:63,0
DA:67,7
DA:68,3
DA:69,3
DA:71,3
DA:88,3
DA:90,3
DA:91,3
DA:93,3
DA:94,3
DA:95,3
DA:96,3
DA:97,3
DA:98,3
DA:99,3
DA:101,3
DA:108,0
DA:109,0
DA:113,7
LF:37
LH:34
BRDA:47,0,0,1
BRDA:47,0,1,7
BRDA:47,1,0,8
BRDA:47,1,1,7
BRDA:47,1,2,7
BRDA:47,1,3,7
BRDA:47,1,4,7
BRDA:52,2,0,4
BRDA:52,2,1,3
BRDA:91,3,0,0
BRDA:91,3,1,3
BRF:11
BRH:10
end_of_record
TN:
SF:server\routes\simulator.js
FN:60,(anonymous_0)
FNF:1
FNH:1
FNDA:1,(anonymous_0)
DA:1,7
DA:2,7
DA:3,7
DA:4,7
DA:6,7
DA:8,7
DA:43,7
DA:54,7
DA:60,7
DA:61,1
DA:62,1
DA:63,1
DA:64,0
DA:65,0
DA:68,1
DA:71,1
DA:74,1
DA:76,1
DA:77,0
DA:79,1
DA:80,0
DA:82,1
DA:83,0
DA:89,1
DA:90,0
DA:95,1
DA:96,0
DA:101,1
DA:102,1
DA:104,1
DA:105,0
DA:108,1
DA:109,1
DA:111,1
DA:120,0
DA:121,0
DA:125,7
LF:37
LH:27
BRDA:63,0,0,0
BRDA:63,0,1,1
BRDA:76,1,0,0
BRDA:76,1,1,1
BRDA:79,2,0,0
BRDA:79,2,1,1
BRDA:82,3,0,0
BRDA:82,3,1,1
BRDA:86,4,0,0
BRDA:86,4,1,0
BRDA:89,5,0,0
BRDA:89,5,1,1
BRDA:95,6,0,0
BRDA:95,6,1,1
BRDA:101,7,0,1
BRDA:101,7,1,0
BRDA:104,8,0,0
BRDA:104,8,1,1
BRF:18
BRH:8
end_of_record
TN:
SF:server\routes\user.js
FN:13,(anonymous_0)
FN:75,(anonymous_1)
FN:106,(anonymous_2)
FN:128,(anonymous_3)
FN:175,(anonymous_4)
FN:179,(anonymous_5)
FN:216,(anonymous_6)
FNF:7
FNH:5
FNDA:2,(anonymous_0)
FNDA:2,(anonymous_1)
FNDA:1,(anonymous_2)
FNDA:1,(anonymous_3)
FNDA:0,(anonymous_4)
FNDA:0,(anonymous_5)
FNDA:3,(anonymous_6)
DA:1,7
DA:2,7
DA:3,7
DA:4,7
DA:5,7
DA:6,7
DA:7,7
DA:8,7
DA:10,7
DA:13,7
DA:14,2
DA:15,2
DA:16,2
DA:20,2
DA:22,2
DA:23,2
DA:24,1
DA:25,1
DA:28,2
DA:29,1
DA:30,1
DA:38,2
DA:59,0
DA:60,0
DA:64,7
DA:75,7
DA:76,2
DA:77,2
DA:78,2
DA:79,1
DA:80,1
DA:83,1
DA:84,1
DA:85,1
DA:86,1
DA:87,1
DA:89,1
DA:90,1
DA:92,1
DA:100,0
DA:101,0
DA:106,7
DA:107,1
DA:108,1
DA:109,1
DA:111,1
DA:120,0
DA:121,0
DA:125,7
DA:128,7
DA:129,1
DA:130,1
DA:131,1
DA:135,1
DA:137,1
DA:158,1
DA:159,1
DA:160,1
DA:166,1
DA:167,1
DA:168,1
DA:173,1
DA:175,0
DA:179,1
DA:180,0
DA:181,0
DA:183,0
DA:184,0
DA:187,1
DA:188,1
DA:189,1
DA:190,1
DA:193,1
DA:194,0
DA:195,0
DA:203,1
DA:210,0
DA:211,0
DA:216,7
DA:217,3
DA:218,3
DA:220,3
DA:221,1
DA:224,2
DA:225,2
DA:226,1
DA:229,1
DA:234,1
DA:236,1
DA:242,0
DA:243,0
DA:247,7
LF:92
LH:75
BRDA:16,0,0,0
BRDA:16,0,1,2
BRDA:23,1,0,1
BRDA:23,1,1,1
BRDA:28,2,0,1
BRDA:28,2,1,1
BRDA:33,3,0,0
BRDA:33,3,1,1
BRDA:78,4,0,1
BRDA:78,4,1,1
BRDA:85,5,0,1
BRDA:85,5,1,0
BRDA:86,6,0,1
BRDA:86,6,1,0
BRDA:87,7,0,1
BRDA:87,7,1,0
BRDA:90,8,0,0
BRDA:90,8,1,1
BRDA:109,9,0,0
BRDA:109,9,1,1
BRDA:131,10,0,0
BRDA:131,10,1,1
BRDA:180,11,0,0
BRDA:180,11,1,0
BRDA:188,12,0,1
BRDA:188,12,1,0
BRDA:193,13,0,0
BRDA:193,13,1,1
BRDA:198,14,0,0
BRDA:198,14,1,0
BRDA:220,15,0,1
BRDA:220,15,1,2
BRDA:220,16,0,3
BRDA:220,16,1,2
BRDA:225,17,0,1
BRDA:225,17,1,1
BRDA:225,18,0,2
BRDA:225,18,1,2
BRDA:225,18,2,1
BRDA:234,19,0,0
BRDA:234,19,1,1
BRF:41
BRH:26
end_of_record
TN:
SF:server\services\aiService.js
FN:15,getClient
FN:35,generateWeeklyInsight
FN:66,(anonymous_2)
FN:91,handleChatMessage
FN:110,(anonymous_4)
FN:134,generateWeeklyReport
FN:137,(anonymous_6)
FN:139,(anonymous_7)
FN:146,(anonymous_8)
FN:171,(anonymous_9)
FN:208,getFallbackInsight
FNF:11
FNH:4
FNDA:2,getClient
FNDA:1,generateWeeklyInsight
FNDA:0,(anonymous_2)
FNDA:1,handleChatMessage
FNDA:0,(anonymous_4)
FNDA:0,generateWeeklyReport
FNDA:0,(anonymous_6)
FNDA:0,(anonymous_7)
FNDA:0,(anonymous_8)
FNDA:0,(anonymous_9)
FNDA:1,getFallbackInsight
DA:6,7
DA:7,7
DA:9,0
DA:12,7
DA:13,7
DA:16,2
DA:17,0
DA:19,2
DA:20,1
DA:22,1
DA:23,1
DA:24,1
DA:25,1
DA:27,0
DA:28,0
DA:36,1
DA:37,1
DA:38,0
DA:41,1
DA:43,1
DA:56,1
DA:66,0
DA:72,1
DA:73,1
DA:80,0
DA:81,0
DA:83,1
DA:84,1
DA:92,1
DA:93,1
DA:94,0
DA:99,1
DA:101,1
DA:110,0
DA:119,1
DA:120,1
DA:124,0
DA:126,1
DA:127,1
DA:135,0
DA:137,0
DA:138,0
DA:139,0
DA:140,0
DA:143,0
DA:144,0
DA:146,0
DA:154,0
DA:162,0
DA:171,0
DA:173,0
DA:174,0
DA:181,0
DA:182,0
DA:184,0
DA:193,0
DA:194,0
DA:209,1
DA:210,1
DA:238,1
DA:247,7
LF:61
LH:32
BRDA:16,0,0,0
BRDA:16,0,1,2
BRDA:19,1,0,1
BRDA:19,1,1,1
BRDA:37,2,0,0
BRDA:37,2,1,1
BRDA:66,3,0,1
BRDA:66,3,1,1
BRDA:66,4,0,0
BRDA:66,4,1,0
BRDA:93,5,0,0
BRDA:93,5,1,1
BRDA:110,6,0,1
BRDA:110,6,1,1
BRDA:110,7,0,0
BRDA:110,7,1,0
BRDA:140,8,0,0
BRDA:140,8,1,0
BRDA:143,9,0,0
BRDA:143,9,1,0
BRDA:145,10,0,0
BRDA:145,10,1,0
BRDA:146,11,0,0
BRDA:146,11,1,0
BRDA:169,12,0,0
BRDA:169,12,1,0
BRDA:185,13,0,0
BRDA:185,13,1,0
BRDA:186,14,0,0
BRDA:186,14,1,0
BRDA:187,15,0,0
BRDA:187,15,1,0
BRDA:239,16,0,1
BRDA:239,16,1,0
BRDA:240,17,0,1
BRDA:240,17,1,0
BRDA:241,18,0,0
BRDA:241,18,1,1
BRF:38
BRH:12
end_of_record
TN:
SF:server\services\scoreService.js
FN:27,calculateBaselineScore
FN:50,(anonymous_1)
FN:63,calculateActionDelta
FN:91,updateStreak
FN:122,getStreakStatus
FN:137,getEquivalencies
FNF:6
FNH:6
FNDA:13,calculateBaselineScore
FNDA:65,(anonymous_1)
FNDA:9,calculateActionDelta
FNDA:5,updateStreak
FNDA:6,getStreakStatus
FNDA:5,getEquivalencies
DA:9,8
DA:12,8
DA:28,13
DA:31,13
DA:32,13
DA:35,13
DA:38,13
DA:39,13
DA:42,13
DA:45,13
DA:50,65
DA:52,13
DA:64,9
DA:65,5
DA:66,2
DA:67,2
DA:68,2
DA:70,3
DA:71,1
DA:72,1
DA:73,1
DA:77,6
DA:78,6
DA:79,5
DA:82,1
DA:92,5
DA:93,2
DA:96,3
DA:97,3
DA:98,3
DA:101,3
DA:102,3
DA:103,3
DA:105,3
DA:107,1
DA:108,2
DA:110,1
DA:111,1
DA:113,1
DA:116,0
DA:123,6
DA:125,2
DA:127,2
DA:138,5
DA:147,8
LF:45
LH:44
BRDA:31,0,0,13
BRDA:31,0,1,1
BRDA:35,1,0,13
BRDA:35,1,1,0
BRDA:38,2,0,13
BRDA:38,2,1,0
BRDA:42,3,0,13
BRDA:42,3,1,0
BRDA:63,4,0,5
BRDA:63,5,0,7
BRDA:64,6,0,5
BRDA:64,6,1,4
BRDA:65,7,0,2
BRDA:65,7,1,3
BRDA:65,8,0,5
BRDA:65,8,1,2
BRDA:66,9,0,2
BRDA:66,9,1,1
BRDA:67,10,0,2
BRDA:67,10,1,0
BRDA:70,11,0,1
BRDA:70,11,1,2
BRDA:70,12,0,3
BRDA:70,12,1,1
BRDA:71,13,0,1
BRDA:71,13,1,1
BRDA:72,14,0,1
BRDA:72,14,1,0
BRDA:78,15,0,5
BRDA:78,15,1,1
BRDA:78,16,0,6
BRDA:78,16,1,6
BRDA:78,16,2,5
BRDA:92,17,0,2
BRDA:92,17,1,3
BRDA:105,18,0,1
BRDA:105,18,1,2
BRDA:108,19,0,1
BRDA:108,19,1,1
BRDA:111,20,0,1
BRDA:111,20,1,0
BRDA:123,21,0,4
BRDA:123,21,1,2
BRDA:128,22,0,2
BRDA:128,22,1,2
BRF:45
BRH:39
end_of_record
TN:
SF:server\utils\cookieHelper.js
FN:10,parseCookies
FN:15,(anonymous_1)
FNF:2
FNH:2
FNDA:71,parseCookies
FNDA:658,(anonymous_1)
DA:11,71
DA:12,4
DA:15,67
DA:16,658
DA:17,658
DA:18,600
DA:19,600
DA:20,600
DA:21,600
DA:22,600
DA:25,1
DA:29,658
DA:33,8
LF:13
LH:13
BRDA:11,0,0,4
BRDA:11,0,1,67
BRDA:11,1,0,71
BRDA:11,1,1,68
BRDA:17,2,0,600
BRDA:17,2,1,58
BRDA:20,3,0,600
BRDA:20,3,1,0
BRF:8
BRH:7
end_of_record
TN:
SF:server\utils\dateHelpers.js
FN:12,getStartOfWeek
FN:29,checkAndResetWeeklyScore
FNF:2
FNH:2
FNDA:5,getStartOfWeek
FNDA:2,checkAndResetWeeklyScore
DA:13,5
DA:14,5
DA:16,5
DA:17,5
DA:18,5
DA:19,5
DA:30,2
DA:31,2
DA:32,2
DA:33,2
DA:35,2
DA:36,0
DA:37,0
DA:38,0
DA:39,0
DA:41,2
DA:44,7
LF:17
LH:13
BRDA:16,0,0,0
BRDA:16,0,1,5
BRDA:31,1,0,2
BRDA:31,1,1,0
BRDA:31,1,2,0
BRDA:35,2,0,0
BRDA:35,2,1,2
BRF:7
BRH:3
end_of_record
